<?xml version="1.0" encoding="UTF-8"?>
<coverage generated="1682628733974" clover="3.2.0">
  <project timestamp="1682628733974" name="All files">
    <metrics statements="390" coveredstatements="379" conditionals="194" coveredconditionals="154" methods="117" coveredmethods="102" elements="701" coveredelements="635" complexity="0" loc="390" ncloc="390" packages="13" files="34" classes="34"/>
    <package name="src">
      <metrics statements="11" coveredstatements="11" conditionals="2" coveredconditionals="2" methods="1" coveredmethods="1"/>
      <file name="app.tsx" path="/Users/bakhromachilov/Desktop/star-wars-demo/src/app.tsx">
        <metrics statements="8" coveredstatements="8" conditionals="0" coveredconditionals="0" methods="1" coveredmethods="1"/>
        <line num="2" count="1" type="stmt"/>
        <line num="3" count="1" type="stmt"/>
        <line num="4" count="1" type="stmt"/>
        <line num="5" count="1" type="stmt"/>
        <line num="6" count="1" type="stmt"/>
        <line num="7" count="1" type="stmt"/>
        <line num="10" count="7" type="stmt"/>
        <line num="20" count="1" type="stmt"/>
      </file>
      <file name="globalStyles.ts" path="/Users/bakhromachilov/Desktop/star-wars-demo/src/globalStyles.ts">
        <metrics statements="3" coveredstatements="3" conditionals="2" coveredconditionals="2" methods="0" coveredmethods="0"/>
        <line num="1" count="1" type="stmt"/>
        <line num="3" count="1" type="cond" truecount="2" falsecount="0"/>
        <line num="12" count="1" type="stmt"/>
      </file>
    </package>
    <package name="src.__tests__.handlers">
      <metrics statements="12" coveredstatements="12" conditionals="1" coveredconditionals="1" methods="3" coveredmethods="3"/>
      <file name="personList.ts" path="/Users/bakhromachilov/Desktop/star-wars-demo/src/__tests__/handlers/personList.ts">
        <metrics statements="12" coveredstatements="12" conditionals="1" coveredconditionals="1" methods="3" coveredmethods="3"/>
        <line num="1" count="1" type="stmt"/>
        <line num="3" count="1" type="stmt"/>
        <line num="247" count="1" type="stmt"/>
        <line num="277" count="1" type="stmt"/>
        <line num="279" count="13" type="stmt"/>
        <line num="280" count="13" type="stmt"/>
        <line num="282" count="13" type="cond" truecount="1" falsecount="0"/>
        <line num="283" count="1" type="stmt"/>
        <line num="284" count="10" type="stmt"/>
        <line num="287" count="13" type="stmt"/>
        <line num="290" count="3" type="stmt"/>
        <line num="294" count="1" type="stmt"/>
      </file>
    </package>
    <package name="src.component.custom">
      <metrics statements="3" coveredstatements="3" conditionals="2" coveredconditionals="2" methods="1" coveredmethods="1"/>
      <file name="DetailViewItem.tsx" path="/Users/bakhromachilov/Desktop/star-wars-demo/src/component/custom/DetailViewItem.tsx">
        <metrics statements="3" coveredstatements="3" conditionals="2" coveredconditionals="2" methods="1" coveredmethods="1"/>
        <line num="2" count="1" type="stmt"/>
        <line num="7" count="128" type="stmt"/>
        <line num="22" count="1" type="stmt"/>
      </file>
    </package>
    <package name="src.component.forms">
      <metrics statements="38" coveredstatements="33" conditionals="6" coveredconditionals="4" methods="17" coveredmethods="12"/>
      <file name="PersonDetailEditForm.tsx" path="/Users/bakhromachilov/Desktop/star-wars-demo/src/component/forms/PersonDetailEditForm.tsx">
        <metrics statements="19" coveredstatements="19" conditionals="0" coveredconditionals="0" methods="9" coveredmethods="9"/>
        <line num="2" count="1" type="stmt"/>
        <line num="3" count="1" type="stmt"/>
        <line num="4" count="1" type="stmt"/>
        <line num="5" count="1" type="stmt"/>
        <line num="14" count="1" type="stmt"/>
        <line num="15" count="12" type="stmt"/>
        <line num="16" count="12" type="stmt"/>
        <line num="17" count="12" type="stmt"/>
        <line num="19" count="12" type="stmt"/>
        <line num="33" count="12" type="stmt"/>
        <line num="40" count="2" type="stmt"/>
        <line num="50" count="1" type="stmt"/>
        <line num="62" count="1" type="stmt"/>
        <line num="72" count="1" type="stmt"/>
        <line num="84" count="1" type="stmt"/>
        <line num="94" count="1" type="stmt"/>
        <line num="106" count="1" type="stmt"/>
        <line num="125" count="1" type="stmt"/>
        <line num="135" count="1" type="stmt"/>
      </file>
      <file name="PersonListFilterDialogForm.tsx" path="/Users/bakhromachilov/Desktop/star-wars-demo/src/component/forms/PersonListFilterDialogForm.tsx">
        <metrics statements="19" coveredstatements="14" conditionals="6" coveredconditionals="4" methods="8" coveredmethods="3"/>
        <line num="1" count="1" type="stmt"/>
        <line num="9" count="1" type="stmt"/>
        <line num="11" count="1" type="stmt"/>
        <line num="13" count="1" type="stmt"/>
        <line num="21" count="1" type="stmt"/>
        <line num="22" count="5" type="stmt"/>
        <line num="23" count="4" type="stmt"/>
        <line num="24" count="4" type="stmt"/>
        <line num="26" count="4" type="stmt"/>
        <line num="40" count="4" type="stmt"/>
        <line num="49" count="1" type="stmt"/>
        <line num="63" count="0" type="stmt"/>
        <line num="77" count="0" type="stmt"/>
        <line num="87" count="0" type="stmt"/>
        <line num="97" count="0" type="stmt"/>
        <line num="107" count="0" type="stmt"/>
        <line num="127" count="1" type="stmt"/>
        <line num="137" count="1" type="stmt"/>
        <line num="141" count="1" type="stmt"/>
      </file>
    </package>
    <package name="src.component.table">
      <metrics statements="18" coveredstatements="18" conditionals="23" coveredconditionals="19" methods="8" coveredmethods="6"/>
      <file name="Table.tsx" path="/Users/bakhromachilov/Desktop/star-wars-demo/src/component/table/Table.tsx">
        <metrics statements="18" coveredstatements="18" conditionals="23" coveredconditionals="19" methods="8" coveredmethods="6"/>
        <line num="2" count="1" type="stmt"/>
        <line num="39" count="37" type="stmt"/>
        <line num="40" count="37" type="stmt"/>
        <line num="41" count="37" type="stmt"/>
        <line num="42" count="37" type="stmt"/>
        <line num="43" count="37" type="stmt"/>
        <line num="44" count="37" type="stmt"/>
        <line num="45" count="37" type="stmt"/>
        <line num="46" count="37" type="stmt"/>
        <line num="47" count="37" type="stmt"/>
        <line num="49" count="37" type="stmt"/>
        <line num="54" count="148" type="stmt"/>
        <line num="67" count="212" type="stmt"/>
        <line num="71" count="4" type="cond" truecount="3" falsecount="1"/>
        <line num="75" count="848" type="stmt"/>
        <line num="113" count="1" type="cond" truecount="3" falsecount="1"/>
        <line num="122" count="1" type="stmt"/>
        <line num="127" count="1" type="stmt"/>
      </file>
    </package>
    <package name="src.component.textField">
      <metrics statements="14" coveredstatements="14" conditionals="2" coveredconditionals="2" methods="1" coveredmethods="1"/>
      <file name="TextField.tsx" path="/Users/bakhromachilov/Desktop/star-wars-demo/src/component/textField/TextField.tsx">
        <metrics statements="14" coveredstatements="14" conditionals="2" coveredconditionals="2" methods="1" coveredmethods="1"/>
        <line num="1" count="1" type="stmt"/>
        <line num="18" count="1" type="stmt"/>
        <line num="19" count="119" type="stmt"/>
        <line num="20" count="118" type="stmt"/>
        <line num="21" count="118" type="stmt"/>
        <line num="22" count="118" type="stmt"/>
        <line num="23" count="118" type="stmt"/>
        <line num="24" count="118" type="stmt"/>
        <line num="25" count="118" type="stmt"/>
        <line num="26" count="118" type="stmt"/>
        <line num="27" count="118" type="stmt"/>
        <line num="29" count="118" type="stmt"/>
        <line num="47" count="1" type="stmt"/>
        <line num="58" count="1" type="stmt"/>
      </file>
    </package>
    <package name="src.config">
      <metrics statements="7" coveredstatements="7" conditionals="0" coveredconditionals="0" methods="0" coveredmethods="0"/>
      <file name="store.ts" path="/Users/bakhromachilov/Desktop/star-wars-demo/src/config/store.ts">
        <metrics statements="4" coveredstatements="4" conditionals="0" coveredconditionals="0" methods="0" coveredmethods="0"/>
        <line num="1" count="1" type="stmt"/>
        <line num="2" count="1" type="stmt"/>
        <line num="4" count="1" type="stmt"/>
        <line num="13" count="1" type="stmt"/>
      </file>
      <file name="theme.ts" path="/Users/bakhromachilov/Desktop/star-wars-demo/src/config/theme.ts">
        <metrics statements="3" coveredstatements="3" conditionals="0" coveredconditionals="0" methods="0" coveredmethods="0"/>
        <line num="1" count="1" type="stmt"/>
        <line num="3" count="1" type="stmt"/>
        <line num="5" count="1" type="stmt"/>
      </file>
    </package>
    <package name="src.container">
      <metrics statements="4" coveredstatements="4" conditionals="0" coveredconditionals="0" methods="1" coveredmethods="0"/>
      <file name="Page404.tsx" path="/Users/bakhromachilov/Desktop/star-wars-demo/src/container/Page404.tsx">
        <metrics statements="4" coveredstatements="4" conditionals="0" coveredconditionals="0" methods="1" coveredmethods="0"/>
        <line num="1" count="1" type="stmt"/>
        <line num="3" count="1" type="stmt"/>
        <line num="5" count="1" type="stmt"/>
        <line num="22" count="1" type="stmt"/>
      </file>
    </package>
    <package name="src.container.detail">
      <metrics statements="63" coveredstatements="62" conditionals="106" coveredconditionals="84" methods="12" coveredmethods="11"/>
      <file name="PersonDetailEdit.tsx" path="/Users/bakhromachilov/Desktop/star-wars-demo/src/container/detail/PersonDetailEdit.tsx">
        <metrics statements="10" coveredstatements="10" conditionals="3" coveredconditionals="3" methods="2" coveredmethods="2"/>
        <line num="1" count="1" type="stmt"/>
        <line num="3" count="1" type="stmt"/>
        <line num="4" count="1" type="stmt"/>
        <line num="8" count="1" type="stmt"/>
        <line num="9" count="11" type="stmt"/>
        <line num="11" count="11" type="cond" truecount="3" falsecount="0"/>
        <line num="12" count="2" type="stmt"/>
        <line num="18" count="1" type="stmt"/>
        <line num="25" count="9" type="stmt"/>
        <line num="28" count="1" type="stmt"/>
      </file>
      <file name="PersonDetailError.tsx" path="/Users/bakhromachilov/Desktop/star-wars-demo/src/container/detail/PersonDetailError.tsx">
        <metrics statements="10" coveredstatements="10" conditionals="3" coveredconditionals="3" methods="1" coveredmethods="1"/>
        <line num="1" count="1" type="stmt"/>
        <line num="3" count="1" type="stmt"/>
        <line num="4" count="1" type="stmt"/>
        <line num="6" count="1" type="stmt"/>
        <line num="7" count="11" type="stmt"/>
        <line num="8" count="11" type="stmt"/>
        <line num="10" count="11" type="cond" truecount="3" falsecount="0"/>
        <line num="11" count="10" type="stmt"/>
        <line num="13" count="1" type="stmt"/>
        <line num="22" count="1" type="stmt"/>
      </file>
      <file name="PersonDetailHeader.tsx" path="/Users/bakhromachilov/Desktop/star-wars-demo/src/container/detail/PersonDetailHeader.tsx">
        <metrics statements="8" coveredstatements="8" conditionals="10" coveredconditionals="10" methods="1" coveredmethods="1"/>
        <line num="1" count="1" type="stmt"/>
        <line num="2" count="1" type="stmt"/>
        <line num="5" count="1" type="stmt"/>
        <line num="7" count="1" type="stmt"/>
        <line num="8" count="8" type="stmt"/>
        <line num="9" count="8" type="stmt"/>
        <line num="10" count="8" type="stmt"/>
        <line num="52" count="1" type="stmt"/>
      </file>
      <file name="PersonDetailLoading.tsx" path="/Users/bakhromachilov/Desktop/star-wars-demo/src/container/detail/PersonDetailLoading.tsx">
        <metrics statements="8" coveredstatements="8" conditionals="1" coveredconditionals="1" methods="1" coveredmethods="1"/>
        <line num="1" count="1" type="stmt"/>
        <line num="3" count="1" type="stmt"/>
        <line num="5" count="1" type="stmt"/>
        <line num="6" count="10" type="stmt"/>
        <line num="7" count="10" type="cond" truecount="1" falsecount="0"/>
        <line num="8" count="3" type="stmt"/>
        <line num="21" count="7" type="stmt"/>
        <line num="24" count="1" type="stmt"/>
      </file>
      <file name="PersonDetailMain.tsx" path="/Users/bakhromachilov/Desktop/star-wars-demo/src/container/detail/PersonDetailMain.tsx">
        <metrics statements="11" coveredstatements="11" conditionals="0" coveredconditionals="0" methods="1" coveredmethods="1"/>
        <line num="2" count="1" type="stmt"/>
        <line num="4" count="1" type="stmt"/>
        <line num="5" count="1" type="stmt"/>
        <line num="6" count="1" type="stmt"/>
        <line num="7" count="1" type="stmt"/>
        <line num="8" count="1" type="stmt"/>
        <line num="9" count="1" type="stmt"/>
        <line num="11" count="1" type="stmt"/>
        <line num="12" count="4" type="stmt"/>
        <line num="13" count="4" type="stmt"/>
        <line num="31" count="1" type="stmt"/>
      </file>
      <file name="PersonDetailView.tsx" path="/Users/bakhromachilov/Desktop/star-wars-demo/src/container/detail/PersonDetailView.tsx">
        <metrics statements="16" coveredstatements="15" conditionals="89" coveredconditionals="67" methods="6" coveredmethods="5"/>
        <line num="1" count="1" type="stmt"/>
        <line num="2" count="1" type="stmt"/>
        <line num="4" count="1" type="stmt"/>
        <line num="5" count="1" type="stmt"/>
        <line num="6" count="1" type="stmt"/>
        <line num="8" count="80" type="stmt"/>
        <line num="10" count="1" type="stmt"/>
        <line num="11" count="15" type="stmt"/>
        <line num="12" count="15" type="cond" truecount="5" falsecount="0"/>
        <line num="13" count="7" type="stmt"/>
        <line num="15" count="8" type="stmt"/>
        <line num="48" count="32" type="cond" truecount="6" falsecount="2"/>
        <line num="62" count="0" type="cond" truecount="6" falsecount="2"/>
        <line num="76" count="16" type="cond" truecount="6" falsecount="2"/>
        <line num="90" count="16" type="cond" truecount="6" falsecount="2"/>
        <line num="122" count="1" type="stmt"/>
      </file>
    </package>
    <package name="src.container.list">
      <metrics statements="41" coveredstatements="41" conditionals="6" coveredconditionals="5" methods="12" coveredmethods="9"/>
      <file name="PersonList.tsx" path="/Users/bakhromachilov/Desktop/star-wars-demo/src/container/list/PersonList.tsx">
        <metrics statements="13" coveredstatements="13" conditionals="2" coveredconditionals="1" methods="6" coveredmethods="4"/>
        <line num="1" count="1" type="stmt"/>
        <line num="2" count="1" type="stmt"/>
        <line num="5" count="1" type="stmt"/>
        <line num="6" count="1" type="stmt"/>
        <line num="8" count="1" type="stmt"/>
        <line num="9" count="37" type="stmt"/>
        <line num="10" count="37" type="stmt"/>
        <line num="12" count="37" type="stmt"/>
        <line num="34" count="4" type="stmt"/>
        <line num="39" count="1" type="stmt"/>
        <line num="42" count="212" type="stmt"/>
        <line num="48" count="1" type="stmt"/>
        <line num="58" count="1" type="stmt"/>
      </file>
      <file name="PersonListFilter.tsx" path="/Users/bakhromachilov/Desktop/star-wars-demo/src/container/list/PersonListFilter.tsx">
        <metrics statements="6" coveredstatements="6" conditionals="2" coveredconditionals="2" methods="1" coveredmethods="1"/>
        <line num="2" count="1" type="stmt"/>
        <line num="3" count="1" type="stmt"/>
        <line num="7" count="1" type="stmt"/>
        <line num="8" count="13" type="stmt"/>
        <line num="9" count="12" type="cond" truecount="2" falsecount="0"/>
        <line num="18" count="1" type="stmt"/>
      </file>
      <file name="PersonListHeader.tsx" path="/Users/bakhromachilov/Desktop/star-wars-demo/src/container/list/PersonListHeader.tsx">
        <metrics statements="16" coveredstatements="16" conditionals="2" coveredconditionals="2" methods="4" coveredmethods="3"/>
        <line num="1" count="1" type="stmt"/>
        <line num="2" count="1" type="stmt"/>
        <line num="4" count="1" type="stmt"/>
        <line num="5" count="1" type="stmt"/>
        <line num="7" count="1" type="stmt"/>
        <line num="8" count="1" type="stmt"/>
        <line num="10" count="1" type="stmt"/>
        <line num="11" count="10" type="stmt"/>
        <line num="12" count="10" type="stmt"/>
        <line num="13" count="10" type="stmt"/>
        <line num="20" count="2" type="cond" truecount="2" falsecount="0"/>
        <line num="21" count="1" type="stmt"/>
        <line num="23" count="1" type="stmt"/>
        <line num="30" count="1" type="stmt"/>
        <line num="40" count="1" type="stmt"/>
        <line num="44" count="1" type="stmt"/>
      </file>
      <file name="PersonListMain.tsx" path="/Users/bakhromachilov/Desktop/star-wars-demo/src/container/list/PersonListMain.tsx">
        <metrics statements="6" coveredstatements="6" conditionals="0" coveredconditionals="0" methods="1" coveredmethods="1"/>
        <line num="1" count="1" type="stmt"/>
        <line num="5" count="1" type="stmt"/>
        <line num="6" count="1" type="stmt"/>
        <line num="7" count="1" type="stmt"/>
        <line num="9" count="11" type="stmt"/>
        <line num="19" count="1" type="stmt"/>
      </file>
    </package>
    <package name="src.hooks">
      <metrics statements="125" coveredstatements="124" conditionals="42" coveredconditionals="31" methods="42" coveredmethods="41"/>
      <file name="useFetchPersonList.ts" path="/Users/bakhromachilov/Desktop/star-wars-demo/src/hooks/useFetchPersonList.ts">
        <metrics statements="11" coveredstatements="11" conditionals="1" coveredconditionals="1" methods="2" coveredmethods="2"/>
        <line num="1" count="1" type="stmt"/>
        <line num="2" count="1" type="stmt"/>
        <line num="6" count="1" type="stmt"/>
        <line num="8" count="1" type="stmt"/>
        <line num="9" count="47" type="stmt"/>
        <line num="11" count="47" type="stmt"/>
        <line num="13" count="13" type="cond" truecount="1" falsecount="0"/>
        <line num="14" count="12" type="stmt"/>
        <line num="16" count="13" type="stmt"/>
        <line num="21" count="47" type="stmt"/>
        <line num="26" count="1" type="stmt"/>
      </file>
      <file name="usePersonDetail.ts" path="/Users/bakhromachilov/Desktop/star-wars-demo/src/hooks/usePersonDetail.ts">
        <metrics statements="15" coveredstatements="15" conditionals="2" coveredconditionals="2" methods="3" coveredmethods="3"/>
        <line num="1" count="1" type="stmt"/>
        <line num="2" count="1" type="stmt"/>
        <line num="3" count="1" type="stmt"/>
        <line num="6" count="1" type="stmt"/>
        <line num="8" count="1" type="stmt"/>
        <line num="9" count="4" type="stmt"/>
        <line num="10" count="4" type="stmt"/>
        <line num="11" count="4" type="stmt"/>
        <line num="12" count="4" type="stmt"/>
        <line num="14" count="4" type="cond" truecount="2" falsecount="0"/>
        <line num="15" count="3" type="stmt"/>
        <line num="17" count="1" type="stmt"/>
        <line num="19" count="4" type="stmt"/>
        <line num="20" count="4" type="stmt"/>
        <line num="25" count="1" type="stmt"/>
      </file>
      <file name="usePersonDetailEdit.ts" path="/Users/bakhromachilov/Desktop/star-wars-demo/src/hooks/usePersonDetailEdit.ts">
        <metrics statements="15" coveredstatements="15" conditionals="0" coveredconditionals="0" methods="5" coveredmethods="5"/>
        <line num="1" count="1" type="stmt"/>
        <line num="2" count="1" type="stmt"/>
        <line num="5" count="1" type="stmt"/>
        <line num="7" count="1" type="stmt"/>
        <line num="8" count="11" type="stmt"/>
        <line num="9" count="11" type="stmt"/>
        <line num="10" count="23" type="stmt"/>
        <line num="12" count="11" type="stmt"/>
        <line num="13" count="23" type="stmt"/>
        <line num="16" count="11" type="stmt"/>
        <line num="17" count="1" type="stmt"/>
        <line num="20" count="11" type="stmt"/>
        <line num="22" count="1" type="stmt"/>
        <line num="27" count="11" type="stmt"/>
        <line num="30" count="1" type="stmt"/>
      </file>
      <file name="usePersonDetailError.ts" path="/Users/bakhromachilov/Desktop/star-wars-demo/src/hooks/usePersonDetailError.ts">
        <metrics statements="6" coveredstatements="6" conditionals="0" coveredconditionals="0" methods="2" coveredmethods="2"/>
        <line num="1" count="1" type="stmt"/>
        <line num="4" count="1" type="stmt"/>
        <line num="5" count="11" type="stmt"/>
        <line num="6" count="23" type="stmt"/>
        <line num="9" count="11" type="stmt"/>
        <line num="12" count="1" type="stmt"/>
      </file>
      <file name="usePersonDetailHeader.ts" path="/Users/bakhromachilov/Desktop/star-wars-demo/src/hooks/usePersonDetailHeader.ts">
        <metrics statements="15" coveredstatements="15" conditionals="0" coveredconditionals="0" methods="5" coveredmethods="5"/>
        <line num="1" count="1" type="stmt"/>
        <line num="2" count="1" type="stmt"/>
        <line num="3" count="1" type="stmt"/>
        <line num="6" count="1" type="stmt"/>
        <line num="8" count="1" type="stmt"/>
        <line num="9" count="8" type="stmt"/>
        <line num="11" count="8" type="stmt"/>
        <line num="12" count="8" type="stmt"/>
        <line num="13" count="22" type="stmt"/>
        <line num="16" count="8" type="stmt"/>
        <line num="17" count="8" type="stmt"/>
        <line num="18" count="8" type="stmt"/>
        <line num="19" count="2" type="stmt"/>
        <line num="22" count="8" type="stmt"/>
        <line num="30" count="1" type="stmt"/>
      </file>
      <file name="usePersonDetailLoading.ts" path="/Users/bakhromachilov/Desktop/star-wars-demo/src/hooks/usePersonDetailLoading.ts">
        <metrics statements="6" coveredstatements="6" conditionals="0" coveredconditionals="0" methods="2" coveredmethods="2"/>
        <line num="1" count="1" type="stmt"/>
        <line num="4" count="1" type="stmt"/>
        <line num="5" count="21" type="stmt"/>
        <line num="6" count="46" type="stmt"/>
        <line num="8" count="21" type="stmt"/>
        <line num="11" count="1" type="stmt"/>
      </file>
      <file name="usePersonDetailView.ts" path="/Users/bakhromachilov/Desktop/star-wars-demo/src/hooks/usePersonDetailView.ts">
        <metrics statements="12" coveredstatements="12" conditionals="0" coveredconditionals="0" methods="5" coveredmethods="5"/>
        <line num="1" count="1" type="stmt"/>
        <line num="5" count="1" type="stmt"/>
        <line num="6" count="15" type="stmt"/>
        <line num="7" count="26" type="stmt"/>
        <line num="9" count="15" type="stmt"/>
        <line num="10" count="26" type="stmt"/>
        <line num="12" count="15" type="stmt"/>
        <line num="13" count="26" type="stmt"/>
        <line num="15" count="15" type="stmt"/>
        <line num="16" count="26" type="stmt"/>
        <line num="18" count="15" type="stmt"/>
        <line num="26" count="1" type="stmt"/>
      </file>
      <file name="usePersonListFilter.ts" path="/Users/bakhromachilov/Desktop/star-wars-demo/src/hooks/usePersonListFilter.ts">
        <metrics statements="13" coveredstatements="12" conditionals="0" coveredconditionals="0" methods="5" coveredmethods="4"/>
        <line num="1" count="1" type="stmt"/>
        <line num="4" count="1" type="stmt"/>
        <line num="6" count="1" type="stmt"/>
        <line num="7" count="13" type="stmt"/>
        <line num="8" count="12" type="stmt"/>
        <line num="9" count="44" type="stmt"/>
        <line num="11" count="12" type="stmt"/>
        <line num="12" count="44" type="stmt"/>
        <line num="14" count="12" type="stmt"/>
        <line num="17" count="1" type="stmt"/>
        <line num="18" count="1" type="stmt"/>
        <line num="21" count="0" type="stmt"/>
        <line num="27" count="1" type="stmt"/>
      </file>
      <file name="usePersonListMain.ts" path="/Users/bakhromachilov/Desktop/star-wars-demo/src/hooks/usePersonListMain.ts">
        <metrics statements="32" coveredstatements="32" conditionals="39" coveredconditionals="28" methods="13" coveredmethods="13"/>
        <line num="1" count="1" type="stmt"/>
        <line num="2" count="1" type="stmt"/>
        <line num="3" count="1" type="stmt"/>
        <line num="8" count="1" type="stmt"/>
        <line num="10" count="1" type="stmt"/>
        <line num="14" count="221" type="cond" truecount="1" falsecount="0"/>
        <line num="22" count="9" type="stmt"/>
        <line num="24" count="212" type="stmt"/>
        <line num="27" count="1" type="stmt"/>
        <line num="28" count="37" type="stmt"/>
        <line num="29" count="37" type="stmt"/>
        <line num="30" count="68" type="stmt"/>
        <line num="31" count="37" type="stmt"/>
        <line num="32" count="68" type="stmt"/>
        <line num="34" count="37" type="stmt"/>
        <line num="35" count="68" type="stmt"/>
        <line num="37" count="37" type="stmt"/>
        <line num="38" count="68" type="stmt"/>
        <line num="40" count="37" type="stmt"/>
        <line num="41" count="68" type="stmt"/>
        <line num="43" count="37" type="stmt"/>
        <line num="44" count="68" type="stmt"/>
        <line num="46" count="37" type="stmt"/>
        <line num="47" count="68" type="stmt"/>
        <line num="50" count="37" type="stmt"/>
        <line num="52" count="4" type="cond" truecount="2" falsecount="0"/>
        <line num="57" count="37" type="stmt"/>
        <line num="58" count="10" type="stmt"/>
        <line num="61" count="37" type="stmt"/>
        <line num="62" count="221" type="stmt"/>
        <line num="66" count="37" type="stmt"/>
        <line num="78" count="1" type="stmt"/>
      </file>
    </package>
    <package name="src.redux">
      <metrics statements="47" coveredstatements="43" conditionals="4" coveredconditionals="4" methods="18" coveredmethods="16"/>
      <file name="detail.ts" path="/Users/bakhromachilov/Desktop/star-wars-demo/src/redux/detail.ts">
        <metrics statements="20" coveredstatements="17" conditionals="2" coveredconditionals="2" methods="9" coveredmethods="8"/>
        <line num="1" count="1" type="stmt"/>
        <line num="2" count="1" type="stmt"/>
        <line num="6" count="1" type="stmt"/>
        <line num="20" count="1" type="stmt"/>
        <line num="22" count="6" type="cond" truecount="2" falsecount="0"/>
        <line num="37" count="1" type="stmt"/>
        <line num="42" count="1" type="stmt"/>
        <line num="43" count="1" type="stmt"/>
        <line num="46" count="1" type="stmt"/>
        <line num="49" count="7" type="stmt"/>
        <line num="53" count="1" type="stmt"/>
        <line num="54" count="3" type="stmt"/>
        <line num="56" count="1" type="stmt"/>
        <line num="57" count="3" type="stmt"/>
        <line num="58" count="3" type="stmt"/>
        <line num="60" count="1" type="stmt"/>
        <line num="61" count="0" type="stmt"/>
        <line num="62" count="0" type="stmt"/>
        <line num="63" count="0" type="stmt"/>
        <line num="68" count="1" type="stmt"/>
      </file>
      <file name="index.ts" path="/Users/bakhromachilov/Desktop/star-wars-demo/src/redux/index.ts">
        <metrics statements="2" coveredstatements="2" conditionals="0" coveredconditionals="0" methods="0" coveredmethods="0"/>
        <line num="1" count="1" type="stmt"/>
        <line num="2" count="1" type="stmt"/>
      </file>
      <file name="list.ts" path="/Users/bakhromachilov/Desktop/star-wars-demo/src/redux/list.ts">
        <metrics statements="25" coveredstatements="24" conditionals="2" coveredconditionals="2" methods="9" coveredmethods="8"/>
        <line num="1" count="1" type="stmt"/>
        <line num="2" count="1" type="stmt"/>
        <line num="9" count="1" type="stmt"/>
        <line num="35" count="1" type="stmt"/>
        <line num="37" count="13" type="stmt"/>
        <line num="38" count="13" type="cond" truecount="1" falsecount="0"/>
        <line num="39" count="12" type="stmt"/>
        <line num="41" count="13" type="stmt"/>
        <line num="42" count="13" type="cond" truecount="1" falsecount="0"/>
        <line num="43" count="13" type="stmt"/>
        <line num="63" count="1" type="stmt"/>
        <line num="68" count="12" type="stmt"/>
        <line num="71" count="1" type="stmt"/>
        <line num="74" count="2" type="stmt"/>
        <line num="78" count="1" type="stmt"/>
        <line num="79" count="13" type="stmt"/>
        <line num="81" count="1" type="stmt"/>
        <line num="82" count="13" type="stmt"/>
        <line num="83" count="13" type="stmt"/>
        <line num="84" count="13" type="stmt"/>
        <line num="85" count="13" type="stmt"/>
        <line num="86" count="13" type="stmt"/>
        <line num="88" count="1" type="stmt"/>
        <line num="89" count="0" type="stmt"/>
        <line num="94" count="1" type="stmt"/>
      </file>
    </package>
    <package name="src.route">
      <metrics statements="7" coveredstatements="7" conditionals="0" coveredconditionals="0" methods="1" coveredmethods="1"/>
      <file name="index.tsx" path="/Users/bakhromachilov/Desktop/star-wars-demo/src/route/index.tsx">
        <metrics statements="7" coveredstatements="7" conditionals="0" coveredconditionals="0" methods="1" coveredmethods="1"/>
        <line num="2" count="1" type="stmt"/>
        <line num="3" count="1" type="stmt"/>
        <line num="4" count="1" type="stmt"/>
        <line num="5" count="1" type="stmt"/>
        <line num="7" count="1" type="stmt"/>
        <line num="8" count="7" type="stmt"/>
        <line num="19" count="1" type="stmt"/>
      </file>
    </package>
  </project>
</coverage>
