{"/Users/bakhromachilov/Desktop/star-wars-demo/src/app.tsx": {"path":"/Users/bakhromachilov/Desktop/star-wars-demo/src/app.tsx","statementMap":{"0":{"start":{"line":2,"column":0},"end":{"line":2,"column":38}},"1":{"start":{"line":3,"column":0},"end":{"line":3,"column":52}},"2":{"start":{"line":4,"column":0},"end":{"line":4,"column":34}},"3":{"start":{"line":5,"column":0},"end":{"line":5,"column":34}},"4":{"start":{"line":6,"column":0},"end":{"line":6,"column":28}},"5":{"start":{"line":7,"column":0},"end":{"line":7,"column":40}},"6":{"start":{"line":10,"column":2},"end":{"line":17,"column":null}},"7":{"start":{"line":20,"column":0},"end":{"line":20,"column":null}}},"fnMap":{"0":{"name":"App","decl":{"start":{"line":9,"column":9},"end":{"line":9,"column":12}},"loc":{"start":{"line":9,"column":12},"end":{"line":18,"column":1}}}},"branchMap":{},"s":{"0":1,"1":1,"2":1,"3":1,"4":1,"5":1,"6":7,"7":1},"f":{"0":7},"b":{}}
,"/Users/bakhromachilov/Desktop/star-wars-demo/src/globalStyles.ts": {"path":"/Users/bakhromachilov/Desktop/star-wars-demo/src/globalStyles.ts","statementMap":{"0":{"start":{"line":1,"column":0},"end":{"line":1,"column":53}},"1":{"start":{"line":3,"column":17},"end":{"line":10,"column":null}},"2":{"start":{"line":12,"column":0},"end":{"line":12,"column":null}}},"fnMap":{},"branchMap":{"0":{"loc":{"start":{"line":3,"column":37},"end":{"line":10,"column":null}},"type":"binary-expr","locations":[{"start":{"line":3,"column":37},"end":{"line":3,"column":null}},{"start":{"line":3,"column":37},"end":{"line":10,"column":null}}]}},"s":{"0":1,"1":1,"2":1},"f":{},"b":{"0":[1,1]}}
,"/Users/bakhromachilov/Desktop/star-wars-demo/src/__tests__/handlers/personList.ts": {"path":"/Users/bakhromachilov/Desktop/star-wars-demo/src/__tests__/handlers/personList.ts","statementMap":{"0":{"start":{"line":1,"column":0},"end":{"line":1,"column":26}},"1":{"start":{"line":3,"column":13},"end":{"line":245,"column":null}},"2":{"start":{"line":247,"column":13},"end":{"line":275,"column":null}},"3":{"start":{"line":277,"column":19},"end":{"line":292,"column":null}},"4":{"start":{"line":279,"column":16},"end":{"line":279,"column":34}},"5":{"start":{"line":280,"column":19},"end":{"line":280,"column":53}},"6":{"start":{"line":282,"column":4},"end":{"line":286,"column":null}},"7":{"start":{"line":283,"column":6},"end":{"line":285,"column":null}},"8":{"start":{"line":284,"column":8},"end":{"line":284,"column":null}},"9":{"start":{"line":287,"column":4},"end":{"line":287,"column":null}},"10":{"start":{"line":290,"column":4},"end":{"line":290,"column":null}},"11":{"start":{"line":294,"column":0},"end":{"line":294,"column":null}}},"fnMap":{"0":{"name":"(anonymous_2)","decl":{"start":{"line":278,"column":44},"end":{"line":278,"column":45}},"loc":{"start":{"line":278,"column":58},"end":{"line":288,"column":3}}},"1":{"name":"(anonymous_3)","decl":{"start":{"line":283,"column":45},"end":{"line":283,"column":46}},"loc":{"start":{"line":283,"column":50},"end":{"line":284,"column":12}}},"2":{"name":"(anonymous_4)","decl":{"start":{"line":289,"column":46},"end":{"line":289,"column":47}},"loc":{"start":{"line":289,"column":60},"end":{"line":291,"column":3}}}},"branchMap":{"0":{"loc":{"start":{"line":282,"column":4},"end":{"line":286,"column":null}},"type":"if","locations":[{"start":{"line":282,"column":4},"end":{"line":286,"column":null}}]}},"s":{"0":1,"1":1,"2":1,"3":1,"4":13,"5":13,"6":13,"7":1,"8":10,"9":13,"10":3,"11":1},"f":{"0":13,"1":10,"2":3},"b":{"0":[1]}}
,"/Users/bakhromachilov/Desktop/star-wars-demo/src/component/custom/DetailViewItem.tsx": {"path":"/Users/bakhromachilov/Desktop/star-wars-demo/src/component/custom/DetailViewItem.tsx","statementMap":{"0":{"start":{"line":2,"column":0},"end":{"line":2,"column":47}},"1":{"start":{"line":7,"column":5},"end":{"line":7,"column":null}},"2":{"start":{"line":7,"column":13},"end":{"line":7,"column":15}},"3":{"start":{"line":7,"column":20},"end":{"line":7,"column":22}},"4":{"start":{"line":7,"column":27},"end":{"line":20,"column":null}},"5":{"start":{"line":22,"column":0},"end":{"line":22,"column":null}}},"fnMap":{"0":{"name":"(anonymous_2)","decl":{"start":{"line":7,"column":5},"end":{"line":7,"column":6}},"loc":{"start":{"line":7,"column":22},"end":{"line":7,"column":null}}}},"branchMap":{"0":{"loc":{"start":{"line":12,"column":5},"end":{"line":17,"column":null}},"type":"cond-expr","locations":[{"start":{"line":13,"column":6},"end":{"line":14,"column":null}},{"start":{"line":17,"column":6},"end":{"line":17,"column":11}}]}},"s":{"0":1,"1":1,"2":128,"3":128,"4":128,"5":1},"f":{"0":128},"b":{"0":[96,32]}}
,"/Users/bakhromachilov/Desktop/star-wars-demo/src/component/forms/PersonDetailEditForm.tsx": {"path":"/Users/bakhromachilov/Desktop/star-wars-demo/src/component/forms/PersonDetailEditForm.tsx","statementMap":{"0":{"start":{"line":2,"column":0},"end":{"line":2,"column":43}},"1":{"start":{"line":3,"column":0},"end":{"line":3,"column":34}},"2":{"start":{"line":4,"column":0},"end":{"line":4,"column":26}},"3":{"start":{"line":5,"column":0},"end":{"line":5,"column":46}},"4":{"start":{"line":14,"column":46},"end":{"line":133,"column":1}},"5":{"start":{"line":15,"column":7},"end":{"line":15,"column":null}},"6":{"start":{"line":16,"column":10},"end":{"line":16,"column":null}},"7":{"start":{"line":17,"column":10},"end":{"line":17,"column":null}},"8":{"start":{"line":19,"column":17},"end":{"line":31,"column":4}},"9":{"start":{"line":33,"column":2},"end":{"line":132,"column":null}},"10":{"start":{"line":40,"column":12},"end":{"line":40,"column":null}},"11":{"start":{"line":50,"column":12},"end":{"line":50,"column":null}},"12":{"start":{"line":62,"column":12},"end":{"line":62,"column":null}},"13":{"start":{"line":72,"column":12},"end":{"line":72,"column":null}},"14":{"start":{"line":84,"column":12},"end":{"line":84,"column":null}},"15":{"start":{"line":94,"column":12},"end":{"line":94,"column":null}},"16":{"start":{"line":106,"column":12},"end":{"line":106,"column":null}},"17":{"start":{"line":125,"column":25},"end":{"line":125,"column":null}},"18":{"start":{"line":135,"column":0},"end":{"line":135,"column":null}}},"fnMap":{"0":{"name":"(anonymous_9)","decl":{"start":{"line":14,"column":46},"end":{"line":14,"column":47}},"loc":{"start":{"line":18,"column":1},"end":{"line":133,"column":1}}},"1":{"name":"(anonymous_10)","decl":{"start":{"line":39,"column":20},"end":{"line":39,"column":21}},"loc":{"start":{"line":39,"column":22},"end":{"line":41,"column":11}}},"2":{"name":"(anonymous_11)","decl":{"start":{"line":49,"column":20},"end":{"line":49,"column":21}},"loc":{"start":{"line":49,"column":22},"end":{"line":51,"column":11}}},"3":{"name":"(anonymous_12)","decl":{"start":{"line":61,"column":20},"end":{"line":61,"column":21}},"loc":{"start":{"line":61,"column":22},"end":{"line":63,"column":11}}},"4":{"name":"(anonymous_13)","decl":{"start":{"line":71,"column":20},"end":{"line":71,"column":21}},"loc":{"start":{"line":71,"column":22},"end":{"line":73,"column":11}}},"5":{"name":"(anonymous_14)","decl":{"start":{"line":83,"column":20},"end":{"line":83,"column":21}},"loc":{"start":{"line":83,"column":22},"end":{"line":85,"column":11}}},"6":{"name":"(anonymous_15)","decl":{"start":{"line":93,"column":20},"end":{"line":93,"column":21}},"loc":{"start":{"line":93,"column":22},"end":{"line":95,"column":11}}},"7":{"name":"(anonymous_16)","decl":{"start":{"line":105,"column":20},"end":{"line":105,"column":21}},"loc":{"start":{"line":105,"column":22},"end":{"line":107,"column":11}}},"8":{"name":"(anonymous_17)","decl":{"start":{"line":125,"column":19},"end":{"line":125,"column":25}},"loc":{"start":{"line":125,"column":19},"end":{"line":125,"column":31}}}},"branchMap":{},"s":{"0":1,"1":1,"2":1,"3":1,"4":1,"5":12,"6":12,"7":12,"8":12,"9":12,"10":2,"11":1,"12":1,"13":1,"14":1,"15":1,"16":1,"17":1,"18":1},"f":{"0":12,"1":2,"2":1,"3":1,"4":1,"5":1,"6":1,"7":1,"8":1},"b":{}}
,"/Users/bakhromachilov/Desktop/star-wars-demo/src/component/forms/PersonListFilterDialogForm.tsx": {"path":"/Users/bakhromachilov/Desktop/star-wars-demo/src/component/forms/PersonListFilterDialogForm.tsx","statementMap":{"0":{"start":{"line":1,"column":0},"end":{"line":1,"column":null}},"1":{"start":{"line":9,"column":0},"end":{"line":9,"column":34}},"2":{"start":{"line":11,"column":0},"end":{"line":11,"column":26}},"3":{"start":{"line":13,"column":0},"end":{"line":13,"column":46}},"4":{"start":{"line":21,"column":52},"end":{"line":135,"column":1}},"5":{"start":{"line":22,"column":7},"end":{"line":22,"column":null}},"6":{"start":{"line":23,"column":10},"end":{"line":23,"column":null}},"7":{"start":{"line":24,"column":10},"end":{"line":24,"column":null}},"8":{"start":{"line":26,"column":17},"end":{"line":38,"column":4}},"9":{"start":{"line":40,"column":2},"end":{"line":134,"column":null}},"10":{"start":{"line":49,"column":14},"end":{"line":49,"column":null}},"11":{"start":{"line":63,"column":14},"end":{"line":63,"column":null}},"12":{"start":{"line":77,"column":14},"end":{"line":77,"column":null}},"13":{"start":{"line":87,"column":14},"end":{"line":87,"column":null}},"14":{"start":{"line":97,"column":14},"end":{"line":97,"column":null}},"15":{"start":{"line":107,"column":14},"end":{"line":107,"column":null}},"16":{"start":{"line":127,"column":25},"end":{"line":127,"column":null}},"17":{"start":{"line":137,"column":0},"end":{"line":139,"column":null}},"18":{"start":{"line":141,"column":0},"end":{"line":141,"column":null}}},"fnMap":{"0":{"name":"(anonymous_9)","decl":{"start":{"line":21,"column":52},"end":{"line":21,"column":53}},"loc":{"start":{"line":25,"column":1},"end":{"line":135,"column":1}}},"1":{"name":"(anonymous_10)","decl":{"start":{"line":48,"column":22},"end":{"line":48,"column":23}},"loc":{"start":{"line":48,"column":24},"end":{"line":50,"column":13}}},"2":{"name":"(anonymous_11)","decl":{"start":{"line":62,"column":22},"end":{"line":62,"column":23}},"loc":{"start":{"line":62,"column":24},"end":{"line":64,"column":13}}},"3":{"name":"(anonymous_12)","decl":{"start":{"line":76,"column":22},"end":{"line":76,"column":23}},"loc":{"start":{"line":76,"column":24},"end":{"line":78,"column":13}}},"4":{"name":"(anonymous_13)","decl":{"start":{"line":86,"column":22},"end":{"line":86,"column":23}},"loc":{"start":{"line":86,"column":24},"end":{"line":88,"column":13}}},"5":{"name":"(anonymous_14)","decl":{"start":{"line":96,"column":22},"end":{"line":96,"column":23}},"loc":{"start":{"line":96,"column":24},"end":{"line":98,"column":13}}},"6":{"name":"(anonymous_15)","decl":{"start":{"line":106,"column":22},"end":{"line":106,"column":23}},"loc":{"start":{"line":106,"column":24},"end":{"line":108,"column":13}}},"7":{"name":"(anonymous_16)","decl":{"start":{"line":127,"column":19},"end":{"line":127,"column":25}},"loc":{"start":{"line":127,"column":19},"end":{"line":127,"column":31}}}},"branchMap":{"0":{"loc":{"start":{"line":27,"column":19},"end":{"line":27,"column":30}},"type":"binary-expr","locations":[{"start":{"line":27,"column":19},"end":{"line":27,"column":24}},{"start":{"line":27,"column":28},"end":{"line":27,"column":30}}]},"1":{"loc":{"start":{"line":52,"column":14},"end":{"line":54,"column":27}},"type":"cond-expr","locations":[{"start":{"line":53,"column":18},"end":{"line":53,"column":49}},{"start":{"line":54,"column":18},"end":{"line":54,"column":27}}]},"2":{"loc":{"start":{"line":66,"column":14},"end":{"line":68,"column":27}},"type":"cond-expr","locations":[{"start":{"line":67,"column":18},"end":{"line":67,"column":47}},{"start":{"line":68,"column":18},"end":{"line":68,"column":27}}]}},"s":{"0":1,"1":1,"2":1,"3":1,"4":1,"5":5,"6":4,"7":4,"8":4,"9":4,"10":1,"11":0,"12":0,"13":0,"14":0,"15":0,"16":1,"17":1,"18":1},"f":{"0":5,"1":1,"2":0,"3":0,"4":0,"5":0,"6":0,"7":1},"b":{"0":[4,0],"1":[2,2],"2":[0,4]}}
,"/Users/bakhromachilov/Desktop/star-wars-demo/src/component/table/Table.tsx": {"path":"/Users/bakhromachilov/Desktop/star-wars-demo/src/component/table/Table.tsx","statementMap":{"0":{"start":{"line":2,"column":0},"end":{"line":2,"column":null}},"1":{"start":{"line":39,"column":8},"end":{"line":39,"column":null}},"2":{"start":{"line":40,"column":11},"end":{"line":40,"column":null}},"3":{"start":{"line":41,"column":6},"end":{"line":41,"column":null}},"4":{"start":{"line":42,"column":7},"end":{"line":42,"column":null}},"5":{"start":{"line":43,"column":6},"end":{"line":43,"column":null}},"6":{"start":{"line":44,"column":6},"end":{"line":44,"column":null}},"7":{"start":{"line":45,"column":12},"end":{"line":45,"column":null}},"8":{"start":{"line":46,"column":14},"end":{"line":46,"column":null}},"9":{"start":{"line":47,"column":8},"end":{"line":47,"column":null}},"10":{"start":{"line":49,"column":2},"end":{"line":119,"column":null}},"11":{"start":{"line":54,"column":35},"end":{"line":62,"column":14}},"12":{"start":{"line":67,"column":31},"end":{"line":89,"column":14}},"13":{"start":{"line":71,"column":18},"end":{"line":71,"column":null}},"14":{"start":{"line":75,"column":39},"end":{"line":87,"column":18}},"15":{"start":{"line":113,"column":38},"end":{"line":113,"column":null}},"16":{"start":{"line":122,"column":0},"end":{"line":125,"column":null}},"17":{"start":{"line":127,"column":0},"end":{"line":127,"column":null}}},"fnMap":{"0":{"name":"Table","decl":{"start":{"line":38,"column":9},"end":{"line":38,"column":14}},"loc":{"start":{"line":48,"column":11},"end":{"line":120,"column":1}}},"1":{"name":"(anonymous_3)","decl":{"start":{"line":54,"column":24},"end":{"line":54,"column":25}},"loc":{"start":{"line":54,"column":30},"end":{"line":54,"column":null}}},"2":{"name":"(anonymous_4)","decl":{"start":{"line":67,"column":21},"end":{"line":67,"column":22}},"loc":{"start":{"line":67,"column":26},"end":{"line":67,"column":null}}},"3":{"name":"(anonymous_5)","decl":{"start":{"line":70,"column":25},"end":{"line":70,"column":null}},"loc":{"start":{"line":70,"column":25},"end":{"line":72,"column":17}}},"4":{"name":"(anonymous_6)","decl":{"start":{"line":75,"column":28},"end":{"line":75,"column":29}},"loc":{"start":{"line":75,"column":34},"end":{"line":75,"column":null}}},"5":{"name":"(anonymous_7)","decl":{"start":{"line":113,"column":22},"end":{"line":113,"column":23}},"loc":{"start":{"line":113,"column":33},"end":{"line":113,"column":50}}},"6":{"name":"(anonymous_8)","decl":{"start":{"line":123,"column":14},"end":{"line":123,"column":21}},"loc":{"start":{"line":123,"column":14},"end":{"line":123,"column":22}}},"7":{"name":"(anonymous_9)","decl":{"start":{"line":124,"column":16},"end":{"line":124,"column":23}},"loc":{"start":{"line":124,"column":16},"end":{"line":124,"column":24}}}},"branchMap":{"0":{"loc":{"start":{"line":66,"column":11},"end":{"line":89,"column":14}},"type":"binary-expr","locations":[{"start":{"line":66,"column":11},"end":{"line":66,"column":21}},{"start":{"line":67,"column":12},"end":{"line":89,"column":14}}]},"1":{"loc":{"start":{"line":71,"column":18},"end":{"line":71,"column":36}},"type":"cond-expr","locations":[{"start":{"line":71,"column":28},"end":{"line":71,"column":31}},{"start":{"line":71,"column":18},"end":{"line":71,"column":36}}]},"2":{"loc":{"start":{"line":71,"column":18},"end":{"line":71,"column":31}},"type":"binary-expr","locations":[{"start":{"line":71,"column":18},"end":{"line":71,"column":31}},{"start":{"line":71,"column":18},"end":{"line":71,"column":31}}]},"3":{"loc":{"start":{"line":81,"column":21},"end":{"line":81,"column":55}},"type":"binary-expr","locations":[{"start":{"line":81,"column":21},"end":{"line":81,"column":33}},{"start":{"line":81,"column":37},"end":{"line":81,"column":55}}]},"4":{"loc":{"start":{"line":82,"column":21},"end":{"line":84,"column":51}},"type":"binary-expr","locations":[{"start":{"line":82,"column":21},"end":{"line":82,"column":34}},{"start":{"line":83,"column":22},"end":{"line":83,"column":33}},{"start":{"line":84,"column":23},"end":{"line":84,"column":51}}]},"5":{"loc":{"start":{"line":85,"column":21},"end":{"line":85,"column":57}},"type":"binary-expr","locations":[{"start":{"line":85,"column":21},"end":{"line":85,"column":34}},{"start":{"line":85,"column":38},"end":{"line":85,"column":50}},{"start":{"line":85,"column":54},"end":{"line":85,"column":57}}]},"6":{"loc":{"start":{"line":92,"column":7},"end":{"line":102,"column":null}},"type":"binary-expr","locations":[{"start":{"line":92,"column":7},"end":{"line":92,"column":16}},{"start":{"line":93,"column":8},"end":{"line":101,"column":null}}]},"7":{"loc":{"start":{"line":104,"column":7},"end":{"line":107,"column":null}},"type":"binary-expr","locations":[{"start":{"line":104,"column":7},"end":{"line":104,"column":17}},{"start":{"line":104,"column":21},"end":{"line":104,"column":33}},{"start":{"line":105,"column":8},"end":{"line":105,"column":null}}]},"8":{"loc":{"start":{"line":113,"column":38},"end":{"line":113,"column":65}},"type":"cond-expr","locations":[{"start":{"line":113,"column":50},"end":{"line":113,"column":53}},{"start":{"line":113,"column":38},"end":{"line":113,"column":65}}]},"9":{"loc":{"start":{"line":113,"column":38},"end":{"line":113,"column":53}},"type":"binary-expr","locations":[{"start":{"line":113,"column":38},"end":{"line":113,"column":53}},{"start":{"line":113,"column":38},"end":{"line":113,"column":53}}]}},"s":{"0":1,"1":37,"2":37,"3":37,"4":37,"5":37,"6":37,"7":37,"8":37,"9":37,"10":37,"11":148,"12":212,"13":4,"14":848,"15":1,"16":1,"17":1},"f":{"0":37,"1":148,"2":212,"3":4,"4":848,"5":1,"6":0,"7":0},"b":{"0":[37,24],"1":[0,4],"2":[4,4],"3":[848,0],"4":[848,848,848],"5":[848,848,0],"6":[37,13],"7":[37,24,1],"8":[0,1],"9":[1,1]}}
,"/Users/bakhromachilov/Desktop/star-wars-demo/src/component/textField/TextField.tsx": {"path":"/Users/bakhromachilov/Desktop/star-wars-demo/src/component/textField/TextField.tsx","statementMap":{"0":{"start":{"line":1,"column":0},"end":{"line":1,"column":57}},"1":{"start":{"line":18,"column":35},"end":{"line":45,"column":1}},"2":{"start":{"line":19,"column":7},"end":{"line":19,"column":null}},"3":{"start":{"line":20,"column":7},"end":{"line":20,"column":null}},"4":{"start":{"line":21,"column":10},"end":{"line":21,"column":null}},"5":{"start":{"line":22,"column":11},"end":{"line":22,"column":null}},"6":{"start":{"line":23,"column":11},"end":{"line":23,"column":null}},"7":{"start":{"line":24,"column":11},"end":{"line":24,"column":null}},"8":{"start":{"line":25,"column":10},"end":{"line":25,"column":null}},"9":{"start":{"line":26,"column":7},"end":{"line":26,"column":null}},"10":{"start":{"line":27,"column":12},"end":{"line":27,"column":null}},"11":{"start":{"line":29,"column":2},"end":{"line":44,"column":null}},"12":{"start":{"line":47,"column":0},"end":{"line":56,"column":null}},"13":{"start":{"line":58,"column":0},"end":{"line":58,"column":null}}},"fnMap":{"0":{"name":"(anonymous_0)","decl":{"start":{"line":18,"column":35},"end":{"line":18,"column":36}},"loc":{"start":{"line":28,"column":8},"end":{"line":45,"column":1}}}},"branchMap":{"0":{"loc":{"start":{"line":38,"column":18},"end":{"line":38,"column":40}},"type":"binary-expr","locations":[{"start":{"line":38,"column":18},"end":{"line":38,"column":27}},{"start":{"line":38,"column":31},"end":{"line":38,"column":40}}]}},"s":{"0":1,"1":1,"2":119,"3":118,"4":118,"5":118,"6":118,"7":118,"8":118,"9":118,"10":118,"11":118,"12":1,"13":1},"f":{"0":119},"b":{"0":[118,109]}}
,"/Users/bakhromachilov/Desktop/star-wars-demo/src/config/store.ts": {"path":"/Users/bakhromachilov/Desktop/star-wars-demo/src/config/store.ts","statementMap":{"0":{"start":{"line":1,"column":0},"end":{"line":1,"column":49}},"1":{"start":{"line":2,"column":0},"end":{"line":2,"column":52}},"2":{"start":{"line":4,"column":14},"end":{"line":9,"column":2}},"3":{"start":{"line":13,"column":0},"end":{"line":13,"column":null}}},"fnMap":{},"branchMap":{},"s":{"0":1,"1":1,"2":1,"3":1},"f":{},"b":{}}
,"/Users/bakhromachilov/Desktop/star-wars-demo/src/config/theme.ts": {"path":"/Users/bakhromachilov/Desktop/star-wars-demo/src/config/theme.ts","statementMap":{"0":{"start":{"line":1,"column":0},"end":{"line":1,"column":50}},"1":{"start":{"line":3,"column":14},"end":{"line":3,"column":27}},"2":{"start":{"line":5,"column":0},"end":{"line":5,"column":null}}},"fnMap":{},"branchMap":{},"s":{"0":1,"1":1,"2":1},"f":{},"b":{}}
,"/Users/bakhromachilov/Desktop/star-wars-demo/src/container/Page404.tsx": {"path":"/Users/bakhromachilov/Desktop/star-wars-demo/src/container/Page404.tsx","statementMap":{"0":{"start":{"line":1,"column":0},"end":{"line":1,"column":54}},"1":{"start":{"line":3,"column":0},"end":{"line":3,"column":39}},"2":{"start":{"line":5,"column":34},"end":{"line":5,"column":null}},"3":{"start":{"line":5,"column":40},"end":{"line":20,"column":null}},"4":{"start":{"line":22,"column":0},"end":{"line":22,"column":null}}},"fnMap":{"0":{"name":"(anonymous_2)","decl":{"start":{"line":5,"column":34},"end":{"line":5,"column":40}},"loc":{"start":{"line":5,"column":34},"end":{"line":5,"column":null}}}},"branchMap":{},"s":{"0":1,"1":1,"2":1,"3":0,"4":1},"f":{"0":0},"b":{}}
,"/Users/bakhromachilov/Desktop/star-wars-demo/src/container/detail/PersonDetailEdit.tsx": {"path":"/Users/bakhromachilov/Desktop/star-wars-demo/src/container/detail/PersonDetailEdit.tsx","statementMap":{"0":{"start":{"line":1,"column":0},"end":{"line":1,"column":35}},"1":{"start":{"line":3,"column":0},"end":{"line":3,"column":77}},"2":{"start":{"line":4,"column":0},"end":{"line":4,"column":59}},"3":{"start":{"line":8,"column":42},"end":{"line":26,"column":1}},"4":{"start":{"line":9,"column":57},"end":{"line":9,"column":72}},"5":{"start":{"line":9,"column":16},"end":{"line":9,"column":18}},"6":{"start":{"line":9,"column":28},"end":{"line":9,"column":30}},"7":{"start":{"line":9,"column":38},"end":{"line":9,"column":40}},"8":{"start":{"line":9,"column":52},"end":{"line":9,"column":57}},"9":{"start":{"line":11,"column":2},"end":{"line":23,"column":null}},"10":{"start":{"line":12,"column":4},"end":{"line":22,"column":null}},"11":{"start":{"line":18,"column":12},"end":{"line":18,"column":null}},"12":{"start":{"line":25,"column":2},"end":{"line":25,"column":null}},"13":{"start":{"line":28,"column":0},"end":{"line":28,"column":null}}},"fnMap":{"0":{"name":"(anonymous_3)","decl":{"start":{"line":8,"column":42},"end":{"line":8,"column":null}},"loc":{"start":{"line":8,"column":42},"end":{"line":26,"column":1}}},"1":{"name":"(anonymous_4)","decl":{"start":{"line":17,"column":20},"end":{"line":17,"column":21}},"loc":{"start":{"line":17,"column":24},"end":{"line":19,"column":11}}}},"branchMap":{"0":{"loc":{"start":{"line":11,"column":2},"end":{"line":23,"column":null}},"type":"if","locations":[{"start":{"line":11,"column":2},"end":{"line":23,"column":null}}]},"1":{"loc":{"start":{"line":11,"column":6},"end":{"line":11,"column":26}},"type":"binary-expr","locations":[{"start":{"line":11,"column":6},"end":{"line":11,"column":12}},{"start":{"line":11,"column":16},"end":{"line":11,"column":26}}]}},"s":{"0":1,"1":1,"2":1,"3":1,"4":11,"5":11,"6":11,"7":11,"8":11,"9":11,"10":2,"11":1,"12":9,"13":1},"f":{"0":11,"1":1},"b":{"0":[2],"1":[11,10]}}
,"/Users/bakhromachilov/Desktop/star-wars-demo/src/container/detail/PersonDetailError.tsx": {"path":"/Users/bakhromachilov/Desktop/star-wars-demo/src/container/detail/PersonDetailError.tsx","statementMap":{"0":{"start":{"line":1,"column":0},"end":{"line":1,"column":47}},"1":{"start":{"line":3,"column":0},"end":{"line":3,"column":67}},"2":{"start":{"line":4,"column":0},"end":{"line":4,"column":71}},"3":{"start":{"line":6,"column":36},"end":{"line":20,"column":1}},"4":{"start":{"line":7,"column":20},"end":{"line":7,"column":null}},"5":{"start":{"line":8,"column":24},"end":{"line":8,"column":null}},"6":{"start":{"line":10,"column":2},"end":{"line":12,"column":null}},"7":{"start":{"line":11,"column":4},"end":{"line":11,"column":null}},"8":{"start":{"line":13,"column":2},"end":{"line":19,"column":null}},"9":{"start":{"line":22,"column":0},"end":{"line":22,"column":null}}},"fnMap":{"0":{"name":"(anonymous_3)","decl":{"start":{"line":6,"column":36},"end":{"line":6,"column":null}},"loc":{"start":{"line":6,"column":36},"end":{"line":20,"column":1}}}},"branchMap":{"0":{"loc":{"start":{"line":10,"column":2},"end":{"line":12,"column":null}},"type":"if","locations":[{"start":{"line":10,"column":2},"end":{"line":12,"column":null}}]},"1":{"loc":{"start":{"line":10,"column":6},"end":{"line":10,"column":25}},"type":"binary-expr","locations":[{"start":{"line":10,"column":6},"end":{"line":10,"column":15}},{"start":{"line":10,"column":19},"end":{"line":10,"column":25}}]}},"s":{"0":1,"1":1,"2":1,"3":1,"4":11,"5":11,"6":11,"7":10,"8":1,"9":1},"f":{"0":11},"b":{"0":[10],"1":[11,8]}}
,"/Users/bakhromachilov/Desktop/star-wars-demo/src/container/detail/PersonDetailHeader.tsx": {"path":"/Users/bakhromachilov/Desktop/star-wars-demo/src/container/detail/PersonDetailHeader.tsx","statementMap":{"0":{"start":{"line":1,"column":0},"end":{"line":1,"column":80}},"1":{"start":{"line":2,"column":0},"end":{"line":2,"column":68}},"2":{"start":{"line":5,"column":0},"end":{"line":5,"column":70}},"3":{"start":{"line":7,"column":37},"end":{"line":50,"column":1}},"4":{"start":{"line":9,"column":4},"end":{"line":9,"column":28}},"5":{"start":{"line":8,"column":16},"end":{"line":8,"column":18}},"6":{"start":{"line":8,"column":32},"end":{"line":8,"column":34}},"7":{"start":{"line":8,"column":42},"end":{"line":8,"column":44}},"8":{"start":{"line":8,"column":54},"end":{"line":8,"column":null}},"9":{"start":{"line":10,"column":2},"end":{"line":49,"column":null}},"10":{"start":{"line":52,"column":0},"end":{"line":52,"column":null}}},"fnMap":{"0":{"name":"(anonymous_3)","decl":{"start":{"line":7,"column":37},"end":{"line":7,"column":null}},"loc":{"start":{"line":7,"column":37},"end":{"line":50,"column":1}}}},"branchMap":{"0":{"loc":{"start":{"line":21,"column":7},"end":{"line":26,"column":null}},"type":"binary-expr","locations":[{"start":{"line":21,"column":7},"end":{"line":21,"column":18}},{"start":{"line":22,"column":8},"end":{"line":25,"column":null}}]},"1":{"loc":{"start":{"line":29,"column":41},"end":{"line":29,"column":71}},"type":"cond-expr","locations":[{"start":{"line":29,"column":54},"end":{"line":29,"column":62}},{"start":{"line":29,"column":65},"end":{"line":29,"column":71}}]},"2":{"loc":{"start":{"line":31,"column":9},"end":{"line":31,"column":50}},"type":"cond-expr","locations":[{"start":{"line":31,"column":22},"end":{"line":31,"column":28}},{"start":{"line":31,"column":31},"end":{"line":31,"column":50}}]},"3":{"loc":{"start":{"line":33,"column":7},"end":{"line":38,"column":null}},"type":"binary-expr","locations":[{"start":{"line":33,"column":7},"end":{"line":33,"column":18}},{"start":{"line":34,"column":8},"end":{"line":37,"column":null}}]},"4":{"loc":{"start":{"line":41,"column":7},"end":{"line":46,"column":null}},"type":"binary-expr","locations":[{"start":{"line":41,"column":7},"end":{"line":41,"column":18}},{"start":{"line":42,"column":8},"end":{"line":45,"column":null}}]}},"s":{"0":1,"1":1,"2":1,"3":1,"4":8,"5":8,"6":8,"7":8,"8":8,"9":8,"10":1},"f":{"0":8},"b":{"0":[8,6],"1":[2,6],"2":[2,6],"3":[8,6],"4":[8,6]}}
,"/Users/bakhromachilov/Desktop/star-wars-demo/src/container/detail/PersonDetailLoading.tsx": {"path":"/Users/bakhromachilov/Desktop/star-wars-demo/src/container/detail/PersonDetailLoading.tsx","statementMap":{"0":{"start":{"line":1,"column":0},"end":{"line":1,"column":53}},"1":{"start":{"line":3,"column":0},"end":{"line":3,"column":71}},"2":{"start":{"line":5,"column":38},"end":{"line":22,"column":1}},"3":{"start":{"line":6,"column":24},"end":{"line":6,"column":null}},"4":{"start":{"line":7,"column":2},"end":{"line":20,"column":null}},"5":{"start":{"line":8,"column":4},"end":{"line":19,"column":null}},"6":{"start":{"line":21,"column":2},"end":{"line":21,"column":null}},"7":{"start":{"line":24,"column":0},"end":{"line":24,"column":null}}},"fnMap":{"0":{"name":"(anonymous_3)","decl":{"start":{"line":5,"column":38},"end":{"line":5,"column":null}},"loc":{"start":{"line":5,"column":38},"end":{"line":22,"column":1}}}},"branchMap":{"0":{"loc":{"start":{"line":7,"column":2},"end":{"line":20,"column":null}},"type":"if","locations":[{"start":{"line":7,"column":2},"end":{"line":20,"column":null}}]}},"s":{"0":1,"1":1,"2":1,"3":10,"4":10,"5":3,"6":7,"7":1},"f":{"0":10},"b":{"0":[3]}}
,"/Users/bakhromachilov/Desktop/star-wars-demo/src/container/detail/PersonDetailMain.tsx": {"path":"/Users/bakhromachilov/Desktop/star-wars-demo/src/container/detail/PersonDetailMain.tsx","statementMap":{"0":{"start":{"line":2,"column":0},"end":{"line":2,"column":51}},"1":{"start":{"line":4,"column":0},"end":{"line":4,"column":49}},"2":{"start":{"line":5,"column":0},"end":{"line":5,"column":57}},"3":{"start":{"line":6,"column":0},"end":{"line":6,"column":49}},"4":{"start":{"line":7,"column":0},"end":{"line":7,"column":55}},"5":{"start":{"line":8,"column":0},"end":{"line":8,"column":51}},"6":{"start":{"line":9,"column":0},"end":{"line":9,"column":53}},"7":{"start":{"line":11,"column":35},"end":{"line":29,"column":1}},"8":{"start":{"line":12,"column":2},"end":{"line":12,"column":null}},"9":{"start":{"line":13,"column":2},"end":{"line":28,"column":null}},"10":{"start":{"line":31,"column":0},"end":{"line":31,"column":null}}},"fnMap":{"0":{"name":"(anonymous_3)","decl":{"start":{"line":11,"column":35},"end":{"line":11,"column":null}},"loc":{"start":{"line":11,"column":35},"end":{"line":29,"column":1}}}},"branchMap":{},"s":{"0":1,"1":1,"2":1,"3":1,"4":1,"5":1,"6":1,"7":1,"8":4,"9":4,"10":1},"f":{"0":4},"b":{}}
,"/Users/bakhromachilov/Desktop/star-wars-demo/src/container/detail/PersonDetailView.tsx": {"path":"/Users/bakhromachilov/Desktop/star-wars-demo/src/container/detail/PersonDetailView.tsx","statementMap":{"0":{"start":{"line":1,"column":0},"end":{"line":1,"column":51}},"1":{"start":{"line":2,"column":0},"end":{"line":2,"column":34}},"2":{"start":{"line":4,"column":0},"end":{"line":4,"column":27}},"3":{"start":{"line":5,"column":0},"end":{"line":5,"column":66}},"4":{"start":{"line":6,"column":0},"end":{"line":6,"column":65}},"5":{"start":{"line":8,"column":18},"end":{"line":8,"column":41}},"6":{"start":{"line":8,"column":32},"end":{"line":8,"column":null}},"7":{"start":{"line":10,"column":35},"end":{"line":120,"column":1}},"8":{"start":{"line":11,"column":51},"end":{"line":11,"column":72}},"9":{"start":{"line":11,"column":19},"end":{"line":11,"column":21}},"10":{"start":{"line":11,"column":31},"end":{"line":11,"column":33}},"11":{"start":{"line":11,"column":38},"end":{"line":11,"column":40}},"12":{"start":{"line":11,"column":46},"end":{"line":11,"column":51}},"13":{"start":{"line":12,"column":2},"end":{"line":14,"column":null}},"14":{"start":{"line":13,"column":4},"end":{"line":13,"column":null}},"15":{"start":{"line":15,"column":2},"end":{"line":119,"column":null}},"16":{"start":{"line":48,"column":44},"end":{"line":54,"column":16}},"17":{"start":{"line":62,"column":46},"end":{"line":68,"column":16}},"18":{"start":{"line":76,"column":50},"end":{"line":82,"column":16}},"19":{"start":{"line":90,"column":52},"end":{"line":96,"column":16}},"20":{"start":{"line":122,"column":0},"end":{"line":122,"column":null}}},"fnMap":{"0":{"name":"(anonymous_3)","decl":{"start":{"line":8,"column":18},"end":{"line":8,"column":19}},"loc":{"start":{"line":8,"column":27},"end":{"line":8,"column":41}}},"1":{"name":"(anonymous_4)","decl":{"start":{"line":10,"column":35},"end":{"line":10,"column":null}},"loc":{"start":{"line":10,"column":35},"end":{"line":120,"column":1}}},"2":{"name":"(anonymous_5)","decl":{"start":{"line":48,"column":34},"end":{"line":48,"column":35}},"loc":{"start":{"line":48,"column":39},"end":{"line":48,"column":null}}},"3":{"name":"(anonymous_6)","decl":{"start":{"line":62,"column":36},"end":{"line":62,"column":37}},"loc":{"start":{"line":62,"column":41},"end":{"line":62,"column":null}}},"4":{"name":"(anonymous_7)","decl":{"start":{"line":76,"column":37},"end":{"line":76,"column":38}},"loc":{"start":{"line":76,"column":45},"end":{"line":76,"column":null}}},"5":{"name":"(anonymous_8)","decl":{"start":{"line":90,"column":38},"end":{"line":90,"column":39}},"loc":{"start":{"line":90,"column":47},"end":{"line":90,"column":null}}}},"branchMap":{"0":{"loc":{"start":{"line":12,"column":2},"end":{"line":14,"column":null}},"type":"if","locations":[{"start":{"line":12,"column":2},"end":{"line":14,"column":null}}]},"1":{"loc":{"start":{"line":12,"column":6},"end":{"line":12,"column":49}},"type":"binary-expr","locations":[{"start":{"line":12,"column":6},"end":{"line":12,"column":15}},{"start":{"line":12,"column":19},"end":{"line":12,"column":29}},{"start":{"line":12,"column":33},"end":{"line":12,"column":38}},{"start":{"line":12,"column":42},"end":{"line":12,"column":49}}]},"2":{"loc":{"start":{"line":18,"column":54},"end":{"line":18,"column":66}},"type":"cond-expr","locations":[{"start":{"line":18,"column":60},"end":{"line":18,"column":62}},{"start":{"line":18,"column":54},"end":{"line":18,"column":66}}]},"3":{"loc":{"start":{"line":18,"column":54},"end":{"line":18,"column":62}},"type":"binary-expr","locations":[{"start":{"line":18,"column":54},"end":{"line":18,"column":62}},{"start":{"line":18,"column":54},"end":{"line":18,"column":62}}]},"4":{"loc":{"start":{"line":19,"column":56},"end":{"line":19,"column":70}},"type":"cond-expr","locations":[{"start":{"line":19,"column":62},"end":{"line":19,"column":64}},{"start":{"line":19,"column":56},"end":{"line":19,"column":70}}]},"5":{"loc":{"start":{"line":19,"column":56},"end":{"line":19,"column":64}},"type":"binary-expr","locations":[{"start":{"line":19,"column":56},"end":{"line":19,"column":64}},{"start":{"line":19,"column":56},"end":{"line":19,"column":64}}]},"6":{"loc":{"start":{"line":20,"column":54},"end":{"line":20,"column":66}},"type":"cond-expr","locations":[{"start":{"line":20,"column":60},"end":{"line":20,"column":62}},{"start":{"line":20,"column":54},"end":{"line":20,"column":66}}]},"7":{"loc":{"start":{"line":20,"column":54},"end":{"line":20,"column":62}},"type":"binary-expr","locations":[{"start":{"line":20,"column":54},"end":{"line":20,"column":62}},{"start":{"line":20,"column":54},"end":{"line":20,"column":62}}]},"8":{"loc":{"start":{"line":23,"column":27},"end":{"line":23,"column":45}},"type":"cond-expr","locations":[{"start":{"line":23,"column":33},"end":{"line":23,"column":35}},{"start":{"line":23,"column":27},"end":{"line":23,"column":45}}]},"9":{"loc":{"start":{"line":23,"column":27},"end":{"line":23,"column":35}},"type":"binary-expr","locations":[{"start":{"line":23,"column":27},"end":{"line":23,"column":35}},{"start":{"line":23,"column":27},"end":{"line":23,"column":35}}]},"10":{"loc":{"start":{"line":27,"column":27},"end":{"line":27,"column":45}},"type":"cond-expr","locations":[{"start":{"line":27,"column":33},"end":{"line":27,"column":35}},{"start":{"line":27,"column":27},"end":{"line":27,"column":45}}]},"11":{"loc":{"start":{"line":27,"column":27},"end":{"line":27,"column":35}},"type":"binary-expr","locations":[{"start":{"line":27,"column":27},"end":{"line":27,"column":35}},{"start":{"line":27,"column":27},"end":{"line":27,"column":35}}]},"12":{"loc":{"start":{"line":31,"column":27},"end":{"line":31,"column":44}},"type":"cond-expr","locations":[{"start":{"line":31,"column":33},"end":{"line":31,"column":35}},{"start":{"line":31,"column":27},"end":{"line":31,"column":44}}]},"13":{"loc":{"start":{"line":31,"column":27},"end":{"line":31,"column":35}},"type":"binary-expr","locations":[{"start":{"line":31,"column":27},"end":{"line":31,"column":35}},{"start":{"line":31,"column":27},"end":{"line":31,"column":35}}]},"14":{"loc":{"start":{"line":35,"column":27},"end":{"line":35,"column":45}},"type":"cond-expr","locations":[{"start":{"line":35,"column":33},"end":{"line":35,"column":35}},{"start":{"line":35,"column":27},"end":{"line":35,"column":45}}]},"15":{"loc":{"start":{"line":35,"column":27},"end":{"line":35,"column":35}},"type":"binary-expr","locations":[{"start":{"line":35,"column":27},"end":{"line":35,"column":35}},{"start":{"line":35,"column":27},"end":{"line":35,"column":35}}]},"16":{"loc":{"start":{"line":37,"column":56},"end":{"line":37,"column":70}},"type":"cond-expr","locations":[{"start":{"line":37,"column":62},"end":{"line":37,"column":64}},{"start":{"line":37,"column":56},"end":{"line":37,"column":70}}]},"17":{"loc":{"start":{"line":37,"column":56},"end":{"line":37,"column":64}},"type":"binary-expr","locations":[{"start":{"line":37,"column":56},"end":{"line":37,"column":64}},{"start":{"line":37,"column":56},"end":{"line":37,"column":64}}]},"18":{"loc":{"start":{"line":40,"column":27},"end":{"line":40,"column":44}},"type":"cond-expr","locations":[{"start":{"line":40,"column":33},"end":{"line":40,"column":35}},{"start":{"line":40,"column":27},"end":{"line":40,"column":44}}]},"19":{"loc":{"start":{"line":40,"column":27},"end":{"line":40,"column":35}},"type":"binary-expr","locations":[{"start":{"line":40,"column":27},"end":{"line":40,"column":35}},{"start":{"line":40,"column":27},"end":{"line":40,"column":35}}]},"20":{"loc":{"start":{"line":48,"column":15},"end":{"line":54,"column":16}},"type":"cond-expr","locations":[{"start":{"line":48,"column":28},"end":{"line":48,"column":30}},{"start":{"line":48,"column":28},"end":{"line":54,"column":16}}]},"21":{"loc":{"start":{"line":48,"column":15},"end":{"line":48,"column":30}},"type":"binary-expr","locations":[{"start":{"line":48,"column":15},"end":{"line":48,"column":30}},{"start":{"line":48,"column":28},"end":{"line":48,"column":30}}]},"22":{"loc":{"start":{"line":48,"column":15},"end":{"line":48,"column":28}},"type":"cond-expr","locations":[{"start":{"line":48,"column":21},"end":{"line":48,"column":23}},{"start":{"line":48,"column":15},"end":{"line":48,"column":28}}]},"23":{"loc":{"start":{"line":48,"column":15},"end":{"line":48,"column":23}},"type":"binary-expr","locations":[{"start":{"line":48,"column":15},"end":{"line":48,"column":23}},{"start":{"line":48,"column":15},"end":{"line":48,"column":23}}]},"24":{"loc":{"start":{"line":62,"column":15},"end":{"line":68,"column":16}},"type":"cond-expr","locations":[{"start":{"line":62,"column":30},"end":{"line":62,"column":32}},{"start":{"line":62,"column":30},"end":{"line":68,"column":16}}]},"25":{"loc":{"start":{"line":62,"column":15},"end":{"line":62,"column":32}},"type":"binary-expr","locations":[{"start":{"line":62,"column":15},"end":{"line":62,"column":32}},{"start":{"line":62,"column":30},"end":{"line":62,"column":32}}]},"26":{"loc":{"start":{"line":62,"column":15},"end":{"line":62,"column":30}},"type":"cond-expr","locations":[{"start":{"line":62,"column":21},"end":{"line":62,"column":23}},{"start":{"line":62,"column":15},"end":{"line":62,"column":30}}]},"27":{"loc":{"start":{"line":62,"column":15},"end":{"line":62,"column":23}},"type":"binary-expr","locations":[{"start":{"line":62,"column":15},"end":{"line":62,"column":23}},{"start":{"line":62,"column":15},"end":{"line":62,"column":23}}]},"28":{"loc":{"start":{"line":76,"column":15},"end":{"line":82,"column":16}},"type":"cond-expr","locations":[{"start":{"line":76,"column":31},"end":{"line":76,"column":33}},{"start":{"line":76,"column":31},"end":{"line":82,"column":16}}]},"29":{"loc":{"start":{"line":76,"column":15},"end":{"line":76,"column":33}},"type":"binary-expr","locations":[{"start":{"line":76,"column":15},"end":{"line":76,"column":33}},{"start":{"line":76,"column":31},"end":{"line":76,"column":33}}]},"30":{"loc":{"start":{"line":76,"column":15},"end":{"line":76,"column":31}},"type":"cond-expr","locations":[{"start":{"line":76,"column":21},"end":{"line":76,"column":23}},{"start":{"line":76,"column":15},"end":{"line":76,"column":31}}]},"31":{"loc":{"start":{"line":76,"column":15},"end":{"line":76,"column":23}},"type":"binary-expr","locations":[{"start":{"line":76,"column":15},"end":{"line":76,"column":23}},{"start":{"line":76,"column":15},"end":{"line":76,"column":23}}]},"32":{"loc":{"start":{"line":90,"column":15},"end":{"line":96,"column":16}},"type":"cond-expr","locations":[{"start":{"line":90,"column":32},"end":{"line":90,"column":34}},{"start":{"line":90,"column":32},"end":{"line":96,"column":16}}]},"33":{"loc":{"start":{"line":90,"column":15},"end":{"line":90,"column":34}},"type":"binary-expr","locations":[{"start":{"line":90,"column":15},"end":{"line":90,"column":34}},{"start":{"line":90,"column":32},"end":{"line":90,"column":34}}]},"34":{"loc":{"start":{"line":90,"column":15},"end":{"line":90,"column":32}},"type":"cond-expr","locations":[{"start":{"line":90,"column":21},"end":{"line":90,"column":23}},{"start":{"line":90,"column":15},"end":{"line":90,"column":32}}]},"35":{"loc":{"start":{"line":90,"column":15},"end":{"line":90,"column":23}},"type":"binary-expr","locations":[{"start":{"line":90,"column":15},"end":{"line":90,"column":23}},{"start":{"line":90,"column":15},"end":{"line":90,"column":23}}]},"36":{"loc":{"start":{"line":100,"column":53},"end":{"line":100,"column":64}},"type":"cond-expr","locations":[{"start":{"line":100,"column":59},"end":{"line":100,"column":61}},{"start":{"line":100,"column":53},"end":{"line":100,"column":64}}]},"37":{"loc":{"start":{"line":100,"column":53},"end":{"line":100,"column":61}},"type":"binary-expr","locations":[{"start":{"line":100,"column":53},"end":{"line":100,"column":61}},{"start":{"line":100,"column":53},"end":{"line":100,"column":61}}]},"38":{"loc":{"start":{"line":104,"column":12},"end":{"line":106,"column":20}},"type":"cond-expr","locations":[{"start":{"line":105,"column":16},"end":{"line":105,"column":65}},{"start":{"line":106,"column":16},"end":{"line":106,"column":20}}]},"39":{"loc":{"start":{"line":104,"column":12},"end":{"line":104,"column":27}},"type":"cond-expr","locations":[{"start":{"line":104,"column":18},"end":{"line":104,"column":20}},{"start":{"line":104,"column":12},"end":{"line":104,"column":27}}]},"40":{"loc":{"start":{"line":104,"column":12},"end":{"line":104,"column":20}},"type":"binary-expr","locations":[{"start":{"line":104,"column":12},"end":{"line":104,"column":20}},{"start":{"line":104,"column":12},"end":{"line":104,"column":20}}]},"41":{"loc":{"start":{"line":112,"column":12},"end":{"line":114,"column":20}},"type":"cond-expr","locations":[{"start":{"line":113,"column":16},"end":{"line":113,"column":64}},{"start":{"line":114,"column":16},"end":{"line":114,"column":20}}]},"42":{"loc":{"start":{"line":112,"column":12},"end":{"line":112,"column":27}},"type":"cond-expr","locations":[{"start":{"line":112,"column":18},"end":{"line":112,"column":20}},{"start":{"line":112,"column":12},"end":{"line":112,"column":27}}]},"43":{"loc":{"start":{"line":112,"column":12},"end":{"line":112,"column":20}},"type":"binary-expr","locations":[{"start":{"line":112,"column":12},"end":{"line":112,"column":20}},{"start":{"line":112,"column":12},"end":{"line":112,"column":20}}]}},"s":{"0":1,"1":1,"2":1,"3":1,"4":1,"5":1,"6":80,"7":1,"8":15,"9":15,"10":15,"11":15,"12":15,"13":15,"14":7,"15":8,"16":32,"17":0,"18":16,"19":16,"20":1},"f":{"0":80,"1":15,"2":32,"3":0,"4":16,"5":16},"b":{"0":[7],"1":[15,12,10,9],"2":[0,8],"3":[8,8],"4":[0,8],"5":[8,8],"6":[0,8],"7":[8,8],"8":[0,8],"9":[8,8],"10":[0,8],"11":[8,8],"12":[0,8],"13":[8,8],"14":[0,8],"15":[8,8],"16":[0,8],"17":[8,8],"18":[0,8],"19":[8,8],"20":[0,8],"21":[8,8],"22":[0,8],"23":[8,8],"24":[0,8],"25":[8,8],"26":[0,8],"27":[8,8],"28":[0,8],"29":[8,8],"30":[0,8],"31":[8,8],"32":[0,8],"33":[8,8],"34":[0,8],"35":[8,8],"36":[0,8],"37":[8,8],"38":[8,0],"39":[0,8],"40":[8,8],"41":[8,0],"42":[0,8],"43":[8,8]}}
,"/Users/bakhromachilov/Desktop/star-wars-demo/src/container/list/PersonList.tsx": {"path":"/Users/bakhromachilov/Desktop/star-wars-demo/src/container/list/PersonList.tsx","statementMap":{"0":{"start":{"line":1,"column":0},"end":{"line":1,"column":37}},"1":{"start":{"line":2,"column":0},"end":{"line":2,"column":34}},"2":{"start":{"line":5,"column":0},"end":{"line":5,"column":47}},"3":{"start":{"line":6,"column":0},"end":{"line":6,"column":61}},"4":{"start":{"line":8,"column":29},"end":{"line":46,"column":1}},"5":{"start":{"line":10,"column":4},"end":{"line":10,"column":23}},"6":{"start":{"line":9,"column":14},"end":{"line":9,"column":16}},"7":{"start":{"line":9,"column":25},"end":{"line":9,"column":27}},"8":{"start":{"line":9,"column":38},"end":{"line":9,"column":40}},"9":{"start":{"line":9,"column":45},"end":{"line":9,"column":47}},"10":{"start":{"line":9,"column":51},"end":{"line":9,"column":53}},"11":{"start":{"line":9,"column":57},"end":{"line":9,"column":59}},"12":{"start":{"line":9,"column":74},"end":{"line":9,"column":null}},"13":{"start":{"line":12,"column":2},"end":{"line":45,"column":null}},"14":{"start":{"line":34,"column":30},"end":{"line":34,"column":null}},"15":{"start":{"line":39,"column":10},"end":{"line":39,"column":null}},"16":{"start":{"line":42,"column":26},"end":{"line":42,"column":null}},"17":{"start":{"line":48,"column":0},"end":{"line":56,"column":null}},"18":{"start":{"line":58,"column":0},"end":{"line":58,"column":null}}},"fnMap":{"0":{"name":"(anonymous_3)","decl":{"start":{"line":8,"column":29},"end":{"line":8,"column":null}},"loc":{"start":{"line":8,"column":29},"end":{"line":46,"column":1}}},"1":{"name":"(anonymous_4)","decl":{"start":{"line":34,"column":20},"end":{"line":34,"column":21}},"loc":{"start":{"line":34,"column":25},"end":{"line":34,"column":41}}},"2":{"name":"(anonymous_5)","decl":{"start":{"line":38,"column":22},"end":{"line":38,"column":23}},"loc":{"start":{"line":38,"column":30},"end":{"line":40,"column":9}}},"3":{"name":"(anonymous_6)","decl":{"start":{"line":42,"column":16},"end":{"line":42,"column":17}},"loc":{"start":{"line":42,"column":21},"end":{"line":42,"column":30}}},"4":{"name":"(anonymous_7)","decl":{"start":{"line":51,"column":14},"end":{"line":51,"column":21}},"loc":{"start":{"line":51,"column":14},"end":{"line":51,"column":22}}},"5":{"name":"(anonymous_8)","decl":{"start":{"line":55,"column":16},"end":{"line":55,"column":23}},"loc":{"start":{"line":55,"column":16},"end":{"line":55,"column":24}}}},"branchMap":{"0":{"loc":{"start":{"line":35,"column":14},"end":{"line":35,"column":24}},"type":"binary-expr","locations":[{"start":{"line":35,"column":14},"end":{"line":35,"column":18}},{"start":{"line":35,"column":22},"end":{"line":35,"column":24}}]}},"s":{"0":1,"1":1,"2":1,"3":1,"4":1,"5":37,"6":37,"7":37,"8":37,"9":37,"10":37,"11":37,"12":37,"13":37,"14":4,"15":1,"16":212,"17":1,"18":1},"f":{"0":37,"1":4,"2":1,"3":212,"4":0,"5":0},"b":{"0":[37,0]}}
,"/Users/bakhromachilov/Desktop/star-wars-demo/src/container/list/PersonListFilter.tsx": {"path":"/Users/bakhromachilov/Desktop/star-wars-demo/src/container/list/PersonListFilter.tsx","statementMap":{"0":{"start":{"line":2,"column":0},"end":{"line":2,"column":89}},"1":{"start":{"line":3,"column":0},"end":{"line":3,"column":65}},"2":{"start":{"line":7,"column":42},"end":{"line":16,"column":1}},"3":{"start":{"line":8,"column":47},"end":{"line":8,"column":68}},"4":{"start":{"line":8,"column":16},"end":{"line":8,"column":18}},"5":{"start":{"line":8,"column":27},"end":{"line":8,"column":29}},"6":{"start":{"line":8,"column":36},"end":{"line":8,"column":38}},"7":{"start":{"line":8,"column":42},"end":{"line":8,"column":47}},"8":{"start":{"line":9,"column":2},"end":{"line":15,"column":null}},"9":{"start":{"line":18,"column":0},"end":{"line":18,"column":null}}},"fnMap":{"0":{"name":"(anonymous_1)","decl":{"start":{"line":7,"column":42},"end":{"line":7,"column":null}},"loc":{"start":{"line":7,"column":42},"end":{"line":16,"column":1}}}},"branchMap":{"0":{"loc":{"start":{"line":9,"column":9},"end":{"line":15,"column":10}},"type":"cond-expr","locations":[{"start":{"line":10,"column":4},"end":{"line":13,"column":null}},{"start":{"line":15,"column":6},"end":{"line":15,"column":10}}]}},"s":{"0":1,"1":1,"2":1,"3":13,"4":12,"5":12,"6":12,"7":12,"8":12,"9":1},"f":{"0":13},"b":{"0":[1,11]}}
,"/Users/bakhromachilov/Desktop/star-wars-demo/src/container/list/PersonListHeader.tsx": {"path":"/Users/bakhromachilov/Desktop/star-wars-demo/src/container/list/PersonListHeader.tsx","statementMap":{"0":{"start":{"line":1,"column":0},"end":{"line":1,"column":48}},"1":{"start":{"line":2,"column":0},"end":{"line":2,"column":54}},"2":{"start":{"line":4,"column":0},"end":{"line":4,"column":41}},"3":{"start":{"line":5,"column":0},"end":{"line":5,"column":59}},"4":{"start":{"line":7,"column":0},"end":{"line":7,"column":63}},"5":{"start":{"line":8,"column":0},"end":{"line":8,"column":47}},"6":{"start":{"line":10,"column":35},"end":{"line":38,"column":1}},"7":{"start":{"line":11,"column":30},"end":{"line":11,"column":null}},"8":{"start":{"line":12,"column":19},"end":{"line":12,"column":45}},"9":{"start":{"line":13,"column":2},"end":{"line":37,"column":null}},"10":{"start":{"line":20,"column":10},"end":{"line":24,"column":null}},"11":{"start":{"line":21,"column":12},"end":{"line":21,"column":null}},"12":{"start":{"line":23,"column":12},"end":{"line":23,"column":null}},"13":{"start":{"line":30,"column":10},"end":{"line":30,"column":null}},"14":{"start":{"line":40,"column":0},"end":{"line":42,"column":null}},"15":{"start":{"line":44,"column":0},"end":{"line":44,"column":null}}},"fnMap":{"0":{"name":"(anonymous_3)","decl":{"start":{"line":10,"column":35},"end":{"line":10,"column":null}},"loc":{"start":{"line":10,"column":35},"end":{"line":38,"column":1}}},"1":{"name":"(anonymous_4)","decl":{"start":{"line":19,"column":18},"end":{"line":19,"column":19}},"loc":{"start":{"line":19,"column":20},"end":{"line":25,"column":9}}},"2":{"name":"(anonymous_5)","decl":{"start":{"line":29,"column":17},"end":{"line":29,"column":null}},"loc":{"start":{"line":29,"column":17},"end":{"line":31,"column":9}}},"3":{"name":"(anonymous_6)","decl":{"start":{"line":41,"column":12},"end":{"line":41,"column":19}},"loc":{"start":{"line":41,"column":12},"end":{"line":41,"column":20}}}},"branchMap":{"0":{"loc":{"start":{"line":20,"column":10},"end":{"line":24,"column":null}},"type":"if","locations":[{"start":{"line":20,"column":10},"end":{"line":24,"column":null}},{"start":{"line":22,"column":17},"end":{"line":24,"column":null}}]}},"s":{"0":1,"1":1,"2":1,"3":1,"4":1,"5":1,"6":1,"7":10,"8":10,"9":10,"10":2,"11":1,"12":1,"13":1,"14":1,"15":1},"f":{"0":10,"1":2,"2":1,"3":0},"b":{"0":[1,1]}}
,"/Users/bakhromachilov/Desktop/star-wars-demo/src/container/list/PersonListMain.tsx": {"path":"/Users/bakhromachilov/Desktop/star-wars-demo/src/container/list/PersonListMain.tsx","statementMap":{"0":{"start":{"line":1,"column":0},"end":{"line":1,"column":35}},"1":{"start":{"line":5,"column":0},"end":{"line":5,"column":49}},"2":{"start":{"line":6,"column":0},"end":{"line":6,"column":37}},"3":{"start":{"line":7,"column":0},"end":{"line":7,"column":49}},"4":{"start":{"line":9,"column":33},"end":{"line":9,"column":null}},"5":{"start":{"line":9,"column":39},"end":{"line":17,"column":null}},"6":{"start":{"line":19,"column":0},"end":{"line":19,"column":null}}},"fnMap":{"0":{"name":"(anonymous_3)","decl":{"start":{"line":9,"column":33},"end":{"line":9,"column":39}},"loc":{"start":{"line":9,"column":33},"end":{"line":9,"column":null}}}},"branchMap":{},"s":{"0":1,"1":1,"2":1,"3":1,"4":1,"5":11,"6":1},"f":{"0":11},"b":{}}
,"/Users/bakhromachilov/Desktop/star-wars-demo/src/hooks/useFetchPersonList.ts": {"path":"/Users/bakhromachilov/Desktop/star-wars-demo/src/hooks/useFetchPersonList.ts","statementMap":{"0":{"start":{"line":1,"column":0},"end":{"line":1,"column":35}},"1":{"start":{"line":2,"column":0},"end":{"line":2,"column":41}},"2":{"start":{"line":6,"column":0},"end":{"line":6,"column":58}},"3":{"start":{"line":8,"column":27},"end":{"line":24,"column":1}},"4":{"start":{"line":9,"column":19},"end":{"line":9,"column":45}},"5":{"start":{"line":11,"column":26},"end":{"line":18,"column":null}},"6":{"start":{"line":13,"column":6},"end":{"line":15,"column":null}},"7":{"start":{"line":14,"column":8},"end":{"line":14,"column":null}},"8":{"start":{"line":16,"column":6},"end":{"line":16,"column":null}},"9":{"start":{"line":21,"column":2},"end":{"line":23,"column":null}},"10":{"start":{"line":26,"column":0},"end":{"line":26,"column":null}}},"fnMap":{"0":{"name":"(anonymous_0)","decl":{"start":{"line":8,"column":27},"end":{"line":8,"column":null}},"loc":{"start":{"line":8,"column":27},"end":{"line":24,"column":1}}},"1":{"name":"(anonymous_1)","decl":{"start":{"line":12,"column":4},"end":{"line":12,"column":5}},"loc":{"start":{"line":12,"column":20},"end":{"line":17,"column":5}}}},"branchMap":{"0":{"loc":{"start":{"line":13,"column":6},"end":{"line":15,"column":null}},"type":"if","locations":[{"start":{"line":13,"column":6},"end":{"line":15,"column":null}}]}},"s":{"0":1,"1":1,"2":1,"3":1,"4":47,"5":47,"6":13,"7":12,"8":13,"9":47,"10":1},"f":{"0":47,"1":13},"b":{"0":[12]}}
,"/Users/bakhromachilov/Desktop/star-wars-demo/src/hooks/usePersonDetail.ts": {"path":"/Users/bakhromachilov/Desktop/star-wars-demo/src/hooks/usePersonDetail.ts","statementMap":{"0":{"start":{"line":1,"column":0},"end":{"line":1,"column":33}},"1":{"start":{"line":2,"column":0},"end":{"line":2,"column":41}},"2":{"start":{"line":3,"column":0},"end":{"line":3,"column":50}},"3":{"start":{"line":6,"column":0},"end":{"line":6,"column":53}},"4":{"start":{"line":8,"column":24},"end":{"line":23,"column":1}},"5":{"start":{"line":9,"column":19},"end":{"line":9,"column":45}},"6":{"start":{"line":10,"column":19},"end":{"line":10,"column":null}},"7":{"start":{"line":11,"column":2},"end":{"line":22,"column":null}},"8":{"start":{"line":12,"column":16},"end":{"line":12,"column":33}},"9":{"start":{"line":14,"column":4},"end":{"line":18,"column":null}},"10":{"start":{"line":15,"column":6},"end":{"line":15,"column":null}},"11":{"start":{"line":17,"column":6},"end":{"line":17,"column":null}},"12":{"start":{"line":19,"column":4},"end":{"line":21,"column":null}},"13":{"start":{"line":20,"column":6},"end":{"line":20,"column":null}},"14":{"start":{"line":25,"column":0},"end":{"line":25,"column":null}}},"fnMap":{"0":{"name":"(anonymous_0)","decl":{"start":{"line":8,"column":24},"end":{"line":8,"column":null}},"loc":{"start":{"line":8,"column":24},"end":{"line":23,"column":1}}},"1":{"name":"(anonymous_1)","decl":{"start":{"line":11,"column":12},"end":{"line":11,"column":null}},"loc":{"start":{"line":11,"column":12},"end":{"line":22,"column":3}}},"2":{"name":"(anonymous_2)","decl":{"start":{"line":19,"column":11},"end":{"line":19,"column":null}},"loc":{"start":{"line":19,"column":11},"end":{"line":21,"column":5}}}},"branchMap":{"0":{"loc":{"start":{"line":14,"column":4},"end":{"line":18,"column":null}},"type":"if","locations":[{"start":{"line":14,"column":4},"end":{"line":18,"column":null}},{"start":{"line":16,"column":11},"end":{"line":18,"column":null}}]}},"s":{"0":1,"1":1,"2":1,"3":1,"4":1,"5":4,"6":4,"7":4,"8":4,"9":4,"10":3,"11":1,"12":4,"13":4,"14":1},"f":{"0":4,"1":4,"2":4},"b":{"0":[3,1]}}
,"/Users/bakhromachilov/Desktop/star-wars-demo/src/hooks/usePersonDetailEdit.ts": {"path":"/Users/bakhromachilov/Desktop/star-wars-demo/src/hooks/usePersonDetailEdit.ts","statementMap":{"0":{"start":{"line":1,"column":0},"end":{"line":1,"column":35}},"1":{"start":{"line":2,"column":0},"end":{"line":2,"column":54}},"2":{"start":{"line":5,"column":0},"end":{"line":5,"column":40}},"3":{"start":{"line":7,"column":28},"end":{"line":28,"column":1}},"4":{"start":{"line":8,"column":19},"end":{"line":8,"column":45}},"5":{"start":{"line":9,"column":17},"end":{"line":10,"column":null}},"6":{"start":{"line":10,"column":15},"end":{"line":10,"column":null}},"7":{"start":{"line":12,"column":21},"end":{"line":13,"column":null}},"8":{"start":{"line":13,"column":15},"end":{"line":13,"column":null}},"9":{"start":{"line":16,"column":19},"end":{"line":18,"column":16}},"10":{"start":{"line":17,"column":4},"end":{"line":17,"column":null}},"11":{"start":{"line":20,"column":23},"end":{"line":24,"column":null}},"12":{"start":{"line":22,"column":6},"end":{"line":22,"column":null}},"13":{"start":{"line":27,"column":2},"end":{"line":27,"column":null}},"14":{"start":{"line":30,"column":0},"end":{"line":30,"column":null}}},"fnMap":{"0":{"name":"(anonymous_0)","decl":{"start":{"line":7,"column":28},"end":{"line":7,"column":null}},"loc":{"start":{"line":7,"column":28},"end":{"line":28,"column":1}}},"1":{"name":"(anonymous_1)","decl":{"start":{"line":10,"column":4},"end":{"line":10,"column":5}},"loc":{"start":{"line":10,"column":10},"end":{"line":10,"column":20}}},"2":{"name":"(anonymous_2)","decl":{"start":{"line":13,"column":4},"end":{"line":13,"column":5}},"loc":{"start":{"line":13,"column":10},"end":{"line":13,"column":20}}},"3":{"name":"(anonymous_3)","decl":{"start":{"line":16,"column":31},"end":{"line":16,"column":null}},"loc":{"start":{"line":16,"column":31},"end":{"line":18,"column":3}}},"4":{"name":"(anonymous_4)","decl":{"start":{"line":21,"column":4},"end":{"line":21,"column":5}},"loc":{"start":{"line":21,"column":16},"end":{"line":23,"column":5}}}},"branchMap":{},"s":{"0":1,"1":1,"2":1,"3":1,"4":11,"5":11,"6":23,"7":11,"8":23,"9":11,"10":1,"11":11,"12":1,"13":11,"14":1},"f":{"0":11,"1":23,"2":23,"3":1,"4":1},"b":{}}
,"/Users/bakhromachilov/Desktop/star-wars-demo/src/hooks/usePersonDetailError.ts": {"path":"/Users/bakhromachilov/Desktop/star-wars-demo/src/hooks/usePersonDetailError.ts","statementMap":{"0":{"start":{"line":1,"column":0},"end":{"line":1,"column":41}},"1":{"start":{"line":4,"column":29},"end":{"line":10,"column":1}},"2":{"start":{"line":5,"column":16},"end":{"line":6,"column":null}},"3":{"start":{"line":6,"column":15},"end":{"line":6,"column":null}},"4":{"start":{"line":9,"column":2},"end":{"line":9,"column":null}},"5":{"start":{"line":12,"column":0},"end":{"line":12,"column":null}}},"fnMap":{"0":{"name":"(anonymous_0)","decl":{"start":{"line":4,"column":29},"end":{"line":4,"column":null}},"loc":{"start":{"line":4,"column":29},"end":{"line":10,"column":1}}},"1":{"name":"(anonymous_1)","decl":{"start":{"line":6,"column":4},"end":{"line":6,"column":5}},"loc":{"start":{"line":6,"column":10},"end":{"line":6,"column":20}}}},"branchMap":{},"s":{"0":1,"1":1,"2":11,"3":23,"4":11,"5":1},"f":{"0":11,"1":23},"b":{}}
,"/Users/bakhromachilov/Desktop/star-wars-demo/src/hooks/usePersonDetailHeader.ts": {"path":"/Users/bakhromachilov/Desktop/star-wars-demo/src/hooks/usePersonDetailHeader.ts","statementMap":{"0":{"start":{"line":1,"column":0},"end":{"line":1,"column":35}},"1":{"start":{"line":2,"column":0},"end":{"line":2,"column":54}},"2":{"start":{"line":3,"column":0},"end":{"line":3,"column":46}},"3":{"start":{"line":6,"column":0},"end":{"line":6,"column":40}},"4":{"start":{"line":8,"column":30},"end":{"line":28,"column":1}},"5":{"start":{"line":9,"column":19},"end":{"line":9,"column":45}},"6":{"start":{"line":11,"column":19},"end":{"line":11,"column":32}},"7":{"start":{"line":12,"column":21},"end":{"line":13,"column":null}},"8":{"start":{"line":13,"column":15},"end":{"line":13,"column":null}},"9":{"start":{"line":16,"column":17},"end":{"line":16,"column":60}},"10":{"start":{"line":16,"column":35},"end":{"line":16,"column":49}},"11":{"start":{"line":17,"column":19},"end":{"line":17,"column":63}},"12":{"start":{"line":17,"column":37},"end":{"line":17,"column":52}},"13":{"start":{"line":18,"column":25},"end":{"line":20,"column":16}},"14":{"start":{"line":19,"column":4},"end":{"line":19,"column":null}},"15":{"start":{"line":22,"column":2},"end":{"line":27,"column":null}},"16":{"start":{"line":30,"column":0},"end":{"line":30,"column":null}}},"fnMap":{"0":{"name":"(anonymous_0)","decl":{"start":{"line":8,"column":30},"end":{"line":8,"column":null}},"loc":{"start":{"line":8,"column":30},"end":{"line":28,"column":1}}},"1":{"name":"(anonymous_1)","decl":{"start":{"line":13,"column":4},"end":{"line":13,"column":5}},"loc":{"start":{"line":13,"column":10},"end":{"line":13,"column":20}}},"2":{"name":"(anonymous_2)","decl":{"start":{"line":16,"column":29},"end":{"line":16,"column":35}},"loc":{"start":{"line":16,"column":29},"end":{"line":16,"column":43}}},"3":{"name":"(anonymous_3)","decl":{"start":{"line":17,"column":31},"end":{"line":17,"column":37}},"loc":{"start":{"line":17,"column":31},"end":{"line":17,"column":45}}},"4":{"name":"(anonymous_4)","decl":{"start":{"line":18,"column":37},"end":{"line":18,"column":null}},"loc":{"start":{"line":18,"column":37},"end":{"line":20,"column":3}}}},"branchMap":{},"s":{"0":1,"1":1,"2":1,"3":1,"4":1,"5":8,"6":8,"7":8,"8":22,"9":8,"10":1,"11":8,"12":3,"13":8,"14":2,"15":8,"16":1},"f":{"0":8,"1":22,"2":1,"3":3,"4":2},"b":{}}
,"/Users/bakhromachilov/Desktop/star-wars-demo/src/hooks/usePersonDetailLoading.ts": {"path":"/Users/bakhromachilov/Desktop/star-wars-demo/src/hooks/usePersonDetailLoading.ts","statementMap":{"0":{"start":{"line":1,"column":0},"end":{"line":1,"column":41}},"1":{"start":{"line":4,"column":31},"end":{"line":9,"column":1}},"2":{"start":{"line":5,"column":20},"end":{"line":6,"column":null}},"3":{"start":{"line":6,"column":15},"end":{"line":6,"column":null}},"4":{"start":{"line":8,"column":2},"end":{"line":8,"column":null}},"5":{"start":{"line":11,"column":0},"end":{"line":11,"column":null}}},"fnMap":{"0":{"name":"(anonymous_0)","decl":{"start":{"line":4,"column":31},"end":{"line":4,"column":null}},"loc":{"start":{"line":4,"column":31},"end":{"line":9,"column":1}}},"1":{"name":"(anonymous_1)","decl":{"start":{"line":6,"column":4},"end":{"line":6,"column":5}},"loc":{"start":{"line":6,"column":10},"end":{"line":6,"column":20}}}},"branchMap":{},"s":{"0":1,"1":1,"2":21,"3":46,"4":21,"5":1},"f":{"0":21,"1":46},"b":{}}
,"/Users/bakhromachilov/Desktop/star-wars-demo/src/hooks/usePersonDetailView.ts": {"path":"/Users/bakhromachilov/Desktop/star-wars-demo/src/hooks/usePersonDetailView.ts","statementMap":{"0":{"start":{"line":1,"column":0},"end":{"line":1,"column":41}},"1":{"start":{"line":5,"column":28},"end":{"line":24,"column":1}},"2":{"start":{"line":6,"column":17},"end":{"line":7,"column":null}},"3":{"start":{"line":7,"column":15},"end":{"line":7,"column":null}},"4":{"start":{"line":9,"column":20},"end":{"line":10,"column":null}},"5":{"start":{"line":10,"column":15},"end":{"line":10,"column":null}},"6":{"start":{"line":12,"column":21},"end":{"line":13,"column":null}},"7":{"start":{"line":13,"column":15},"end":{"line":13,"column":null}},"8":{"start":{"line":15,"column":16},"end":{"line":16,"column":null}},"9":{"start":{"line":16,"column":15},"end":{"line":16,"column":null}},"10":{"start":{"line":18,"column":2},"end":{"line":23,"column":null}},"11":{"start":{"line":26,"column":0},"end":{"line":26,"column":null}}},"fnMap":{"0":{"name":"(anonymous_0)","decl":{"start":{"line":5,"column":28},"end":{"line":5,"column":null}},"loc":{"start":{"line":5,"column":28},"end":{"line":24,"column":1}}},"1":{"name":"(anonymous_1)","decl":{"start":{"line":7,"column":4},"end":{"line":7,"column":5}},"loc":{"start":{"line":7,"column":10},"end":{"line":7,"column":20}}},"2":{"name":"(anonymous_2)","decl":{"start":{"line":10,"column":4},"end":{"line":10,"column":5}},"loc":{"start":{"line":10,"column":10},"end":{"line":10,"column":20}}},"3":{"name":"(anonymous_3)","decl":{"start":{"line":13,"column":4},"end":{"line":13,"column":5}},"loc":{"start":{"line":13,"column":10},"end":{"line":13,"column":20}}},"4":{"name":"(anonymous_4)","decl":{"start":{"line":16,"column":4},"end":{"line":16,"column":5}},"loc":{"start":{"line":16,"column":10},"end":{"line":16,"column":20}}}},"branchMap":{},"s":{"0":1,"1":1,"2":15,"3":26,"4":15,"5":26,"6":15,"7":26,"8":15,"9":26,"10":15,"11":1},"f":{"0":15,"1":26,"2":26,"3":26,"4":26},"b":{}}
,"/Users/bakhromachilov/Desktop/star-wars-demo/src/hooks/usePersonListFilter.ts": {"path":"/Users/bakhromachilov/Desktop/star-wars-demo/src/hooks/usePersonListFilter.ts","statementMap":{"0":{"start":{"line":1,"column":0},"end":{"line":1,"column":54}},"1":{"start":{"line":4,"column":0},"end":{"line":4,"column":44}},"2":{"start":{"line":6,"column":28},"end":{"line":25,"column":1}},"3":{"start":{"line":7,"column":19},"end":{"line":7,"column":45}},"4":{"start":{"line":8,"column":17},"end":{"line":9,"column":null}},"5":{"start":{"line":9,"column":15},"end":{"line":9,"column":null}},"6":{"start":{"line":11,"column":15},"end":{"line":12,"column":null}},"7":{"start":{"line":12,"column":15},"end":{"line":12,"column":null}},"8":{"start":{"line":14,"column":2},"end":{"line":24,"column":null}},"9":{"start":{"line":17,"column":6},"end":{"line":17,"column":null}},"10":{"start":{"line":18,"column":6},"end":{"line":18,"column":null}},"11":{"start":{"line":21,"column":6},"end":{"line":21,"column":null}},"12":{"start":{"line":27,"column":0},"end":{"line":27,"column":null}}},"fnMap":{"0":{"name":"(anonymous_0)","decl":{"start":{"line":6,"column":28},"end":{"line":6,"column":null}},"loc":{"start":{"line":6,"column":28},"end":{"line":25,"column":1}}},"1":{"name":"(anonymous_1)","decl":{"start":{"line":9,"column":4},"end":{"line":9,"column":5}},"loc":{"start":{"line":9,"column":10},"end":{"line":9,"column":20}}},"2":{"name":"(anonymous_2)","decl":{"start":{"line":12,"column":4},"end":{"line":12,"column":5}},"loc":{"start":{"line":12,"column":10},"end":{"line":12,"column":20}}},"3":{"name":"(anonymous_3)","decl":{"start":{"line":16,"column":15},"end":{"line":16,"column":16}},"loc":{"start":{"line":16,"column":44},"end":{"line":19,"column":5}}},"4":{"name":"(anonymous_4)","decl":{"start":{"line":20,"column":13},"end":{"line":20,"column":null}},"loc":{"start":{"line":20,"column":13},"end":{"line":22,"column":5}}}},"branchMap":{},"s":{"0":1,"1":1,"2":1,"3":13,"4":12,"5":44,"6":12,"7":44,"8":12,"9":1,"10":1,"11":0,"12":1},"f":{"0":13,"1":44,"2":44,"3":1,"4":0},"b":{}}
,"/Users/bakhromachilov/Desktop/star-wars-demo/src/hooks/usePersonListMain.ts": {"path":"/Users/bakhromachilov/Desktop/star-wars-demo/src/hooks/usePersonListMain.ts","statementMap":{"0":{"start":{"line":1,"column":0},"end":{"line":1,"column":55}},"1":{"start":{"line":2,"column":0},"end":{"line":2,"column":41}},"2":{"start":{"line":3,"column":0},"end":{"line":3,"column":46}},"3":{"start":{"line":8,"column":0},"end":{"line":8,"column":53}},"4":{"start":{"line":10,"column":22},"end":{"line":25,"column":1}},"5":{"start":{"line":14,"column":2},"end":{"line":23,"column":null}},"6":{"start":{"line":22,"column":4},"end":{"line":22,"column":null}},"7":{"start":{"line":24,"column":2},"end":{"line":24,"column":null}},"8":{"start":{"line":27,"column":26},"end":{"line":76,"column":1}},"9":{"start":{"line":28,"column":30},"end":{"line":28,"column":null}},"10":{"start":{"line":29,"column":19},"end":{"line":29,"column":32}},"11":{"start":{"line":30,"column":15},"end":{"line":30,"column":77}},"12":{"start":{"line":30,"column":58},"end":{"line":30,"column":77}},"13":{"start":{"line":31,"column":17},"end":{"line":32,"column":null}},"14":{"start":{"line":32,"column":15},"end":{"line":32,"column":null}},"15":{"start":{"line":34,"column":20},"end":{"line":35,"column":null}},"16":{"start":{"line":35,"column":15},"end":{"line":35,"column":null}},"17":{"start":{"line":37,"column":16},"end":{"line":38,"column":null}},"18":{"start":{"line":38,"column":15},"end":{"line":38,"column":null}},"19":{"start":{"line":40,"column":16},"end":{"line":41,"column":null}},"20":{"start":{"line":41,"column":15},"end":{"line":41,"column":null}},"21":{"start":{"line":43,"column":15},"end":{"line":44,"column":null}},"22":{"start":{"line":44,"column":15},"end":{"line":44,"column":null}},"23":{"start":{"line":46,"column":15},"end":{"line":47,"column":null}},"24":{"start":{"line":47,"column":15},"end":{"line":47,"column":null}},"25":{"start":{"line":50,"column":22},"end":{"line":54,"column":null}},"26":{"start":{"line":52,"column":6},"end":{"line":52,"column":null}},"27":{"start":{"line":57,"column":2},"end":{"line":59,"column":null}},"28":{"start":{"line":58,"column":4},"end":{"line":58,"column":null}},"29":{"start":{"line":61,"column":23},"end":{"line":63,"column":null}},"30":{"start":{"line":62,"column":10},"end":{"line":62,"column":null}},"31":{"start":{"line":62,"column":32},"end":{"line":62,"column":60}},"32":{"start":{"line":66,"column":2},"end":{"line":75,"column":null}},"33":{"start":{"line":78,"column":0},"end":{"line":78,"column":null}}},"fnMap":{"0":{"name":"(anonymous_1)","decl":{"start":{"line":10,"column":22},"end":{"line":10,"column":null}},"loc":{"start":{"line":12,"column":32},"end":{"line":25,"column":1}}},"1":{"name":"(anonymous_2)","decl":{"start":{"line":27,"column":26},"end":{"line":27,"column":null}},"loc":{"start":{"line":27,"column":26},"end":{"line":76,"column":1}}},"2":{"name":"(anonymous_3)","decl":{"start":{"line":30,"column":47},"end":{"line":30,"column":48}},"loc":{"start":{"line":30,"column":53},"end":{"line":30,"column":63}}},"3":{"name":"(anonymous_4)","decl":{"start":{"line":32,"column":4},"end":{"line":32,"column":5}},"loc":{"start":{"line":32,"column":10},"end":{"line":32,"column":20}}},"4":{"name":"(anonymous_5)","decl":{"start":{"line":35,"column":4},"end":{"line":35,"column":5}},"loc":{"start":{"line":35,"column":10},"end":{"line":35,"column":20}}},"5":{"name":"(anonymous_6)","decl":{"start":{"line":38,"column":4},"end":{"line":38,"column":5}},"loc":{"start":{"line":38,"column":10},"end":{"line":38,"column":20}}},"6":{"name":"(anonymous_7)","decl":{"start":{"line":41,"column":4},"end":{"line":41,"column":5}},"loc":{"start":{"line":41,"column":10},"end":{"line":41,"column":20}}},"7":{"name":"(anonymous_8)","decl":{"start":{"line":44,"column":4},"end":{"line":44,"column":5}},"loc":{"start":{"line":44,"column":10},"end":{"line":44,"column":20}}},"8":{"name":"(anonymous_9)","decl":{"start":{"line":47,"column":4},"end":{"line":47,"column":5}},"loc":{"start":{"line":47,"column":10},"end":{"line":47,"column":20}}},"9":{"name":"(anonymous_10)","decl":{"start":{"line":51,"column":4},"end":{"line":51,"column":5}},"loc":{"start":{"line":51,"column":16},"end":{"line":53,"column":5}}},"10":{"name":"(anonymous_11)","decl":{"start":{"line":57,"column":12},"end":{"line":57,"column":null}},"loc":{"start":{"line":57,"column":12},"end":{"line":59,"column":3}}},"11":{"name":"(anonymous_12)","decl":{"start":{"line":62,"column":4},"end":{"line":62,"column":10}},"loc":{"start":{"line":62,"column":4},"end":{"line":62,"column":14}}},"12":{"name":"(anonymous_13)","decl":{"start":{"line":62,"column":22},"end":{"line":62,"column":23}},"loc":{"start":{"line":62,"column":27},"end":{"line":62,"column":45}}}},"branchMap":{"0":{"loc":{"start":{"line":14,"column":2},"end":{"line":23,"column":null}},"type":"if","locations":[{"start":{"line":14,"column":2},"end":{"line":23,"column":null}}]},"1":{"loc":{"start":{"line":15,"column":4},"end":{"line":20,"column":68}},"type":"binary-expr","locations":[{"start":{"line":15,"column":5},"end":{"line":15,"column":19}},{"start":{"line":15,"column":23},"end":{"line":15,"column":51}},{"start":{"line":16,"column":5},"end":{"line":16,"column":17}},{"start":{"line":16,"column":21},"end":{"line":16,"column":45}},{"start":{"line":17,"column":5},"end":{"line":17,"column":23}},{"start":{"line":17,"column":27},"end":{"line":17,"column":70}},{"start":{"line":18,"column":5},"end":{"line":18,"column":23}},{"start":{"line":18,"column":27},"end":{"line":18,"column":70}},{"start":{"line":19,"column":5},"end":{"line":19,"column":23}},{"start":{"line":19,"column":27},"end":{"line":19,"column":70}},{"start":{"line":20,"column":5},"end":{"line":20,"column":22}},{"start":{"line":20,"column":26},"end":{"line":20,"column":67}}]},"2":{"loc":{"start":{"line":15,"column":5},"end":{"line":15,"column":19}},"type":"cond-expr","locations":[{"start":{"line":15,"column":11},"end":{"line":15,"column":13}},{"start":{"line":15,"column":5},"end":{"line":15,"column":19}}]},"3":{"loc":{"start":{"line":15,"column":5},"end":{"line":15,"column":13}},"type":"binary-expr","locations":[{"start":{"line":15,"column":5},"end":{"line":15,"column":13}},{"start":{"line":15,"column":5},"end":{"line":15,"column":13}}]},"4":{"loc":{"start":{"line":16,"column":5},"end":{"line":16,"column":17}},"type":"cond-expr","locations":[{"start":{"line":16,"column":11},"end":{"line":16,"column":13}},{"start":{"line":16,"column":5},"end":{"line":16,"column":17}}]},"5":{"loc":{"start":{"line":16,"column":5},"end":{"line":16,"column":13}},"type":"binary-expr","locations":[{"start":{"line":16,"column":5},"end":{"line":16,"column":13}},{"start":{"line":16,"column":5},"end":{"line":16,"column":13}}]},"6":{"loc":{"start":{"line":17,"column":5},"end":{"line":17,"column":23}},"type":"cond-expr","locations":[{"start":{"line":17,"column":11},"end":{"line":17,"column":13}},{"start":{"line":17,"column":5},"end":{"line":17,"column":23}}]},"7":{"loc":{"start":{"line":17,"column":5},"end":{"line":17,"column":13}},"type":"binary-expr","locations":[{"start":{"line":17,"column":5},"end":{"line":17,"column":13}},{"start":{"line":17,"column":5},"end":{"line":17,"column":13}}]},"8":{"loc":{"start":{"line":18,"column":5},"end":{"line":18,"column":23}},"type":"cond-expr","locations":[{"start":{"line":18,"column":11},"end":{"line":18,"column":13}},{"start":{"line":18,"column":5},"end":{"line":18,"column":23}}]},"9":{"loc":{"start":{"line":18,"column":5},"end":{"line":18,"column":13}},"type":"binary-expr","locations":[{"start":{"line":18,"column":5},"end":{"line":18,"column":13}},{"start":{"line":18,"column":5},"end":{"line":18,"column":13}}]},"10":{"loc":{"start":{"line":19,"column":5},"end":{"line":19,"column":23}},"type":"cond-expr","locations":[{"start":{"line":19,"column":11},"end":{"line":19,"column":13}},{"start":{"line":19,"column":5},"end":{"line":19,"column":23}}]},"11":{"loc":{"start":{"line":19,"column":5},"end":{"line":19,"column":13}},"type":"binary-expr","locations":[{"start":{"line":19,"column":5},"end":{"line":19,"column":13}},{"start":{"line":19,"column":5},"end":{"line":19,"column":13}}]},"12":{"loc":{"start":{"line":20,"column":5},"end":{"line":20,"column":22}},"type":"cond-expr","locations":[{"start":{"line":20,"column":11},"end":{"line":20,"column":13}},{"start":{"line":20,"column":5},"end":{"line":20,"column":22}}]},"13":{"loc":{"start":{"line":20,"column":5},"end":{"line":20,"column":13}},"type":"binary-expr","locations":[{"start":{"line":20,"column":5},"end":{"line":20,"column":13}},{"start":{"line":20,"column":5},"end":{"line":20,"column":13}}]},"14":{"loc":{"start":{"line":52,"column":15},"end":{"line":52,"column":53}},"type":"cond-expr","locations":[{"start":{"line":52,"column":21},"end":{"line":52,"column":41}},{"start":{"line":52,"column":44},"end":{"line":52,"column":53}}]}},"s":{"0":1,"1":1,"2":1,"3":1,"4":1,"5":221,"6":9,"7":212,"8":1,"9":37,"10":37,"11":37,"12":68,"13":37,"14":68,"15":37,"16":68,"17":37,"18":68,"19":37,"20":68,"21":37,"22":68,"23":37,"24":68,"25":37,"26":4,"27":37,"28":10,"29":37,"30":24,"31":221,"32":37,"33":1},"f":{"0":221,"1":37,"2":68,"3":68,"4":68,"5":68,"6":68,"7":68,"8":68,"9":4,"10":10,"11":24,"12":221},"b":{"0":[9],"1":[221,10,212,0,212,0,212,0,212,0,212,0],"2":[0,221],"3":[221,221],"4":[0,212],"5":[212,212],"6":[0,212],"7":[212,212],"8":[0,212],"9":[212,212],"10":[0,212],"11":[212,212],"12":[0,212],"13":[212,212],"14":[3,1]}}
,"/Users/bakhromachilov/Desktop/star-wars-demo/src/redux/detail.ts": {"path":"/Users/bakhromachilov/Desktop/star-wars-demo/src/redux/detail.ts","statementMap":{"0":{"start":{"line":1,"column":0},"end":{"line":1,"column":79}},"1":{"start":{"line":2,"column":0},"end":{"line":2,"column":25}},"2":{"start":{"line":6,"column":28},"end":{"line":11,"column":null}},"3":{"start":{"line":20,"column":13},"end":{"line":23,"column":null}},"4":{"start":{"line":22,"column":20},"end":{"line":22,"column":null}},"5":{"start":{"line":22,"column":26},"end":{"line":22,"column":55}},"6":{"start":{"line":22,"column":25},"end":{"line":22,"column":null}},"7":{"start":{"line":37,"column":13},"end":{"line":66,"column":null}},"8":{"start":{"line":42,"column":6},"end":{"line":42,"column":null}},"9":{"start":{"line":43,"column":6},"end":{"line":43,"column":null}},"10":{"start":{"line":46,"column":6},"end":{"line":46,"column":null}},"11":{"start":{"line":49,"column":6},"end":{"line":49,"column":null}},"12":{"start":{"line":53,"column":4},"end":{"line":55,"column":null}},"13":{"start":{"line":54,"column":6},"end":{"line":54,"column":null}},"14":{"start":{"line":56,"column":4},"end":{"line":59,"column":null}},"15":{"start":{"line":57,"column":6},"end":{"line":57,"column":null}},"16":{"start":{"line":58,"column":6},"end":{"line":58,"column":null}},"17":{"start":{"line":60,"column":4},"end":{"line":64,"column":null}},"18":{"start":{"line":61,"column":6},"end":{"line":61,"column":null}},"19":{"start":{"line":62,"column":6},"end":{"line":62,"column":null}},"20":{"start":{"line":63,"column":6},"end":{"line":63,"column":null}},"21":{"start":{"line":68,"column":24},"end":{"line":68,"column":null}}},"fnMap":{"0":{"name":"(anonymous_14)","decl":{"start":{"line":22,"column":2},"end":{"line":22,"column":9}},"loc":{"start":{"line":22,"column":20},"end":{"line":22,"column":null}}},"1":{"name":"(anonymous_15)","decl":{"start":{"line":22,"column":20},"end":{"line":22,"column":25}},"loc":{"start":{"line":22,"column":20},"end":{"line":22,"column":null}}},"2":{"name":"(anonymous_17)","decl":{"start":{"line":41,"column":18},"end":{"line":41,"column":19}},"loc":{"start":{"line":41,"column":62},"end":{"line":44,"column":5}}},"3":{"name":"(anonymous_18)","decl":{"start":{"line":45,"column":14},"end":{"line":45,"column":15}},"loc":{"start":{"line":45,"column":54},"end":{"line":47,"column":5}}},"4":{"name":"(anonymous_19)","decl":{"start":{"line":48,"column":17},"end":{"line":48,"column":18}},"loc":{"start":{"line":48,"column":60},"end":{"line":50,"column":5}}},"5":{"name":"(anonymous_20)","decl":{"start":{"line":52,"column":17},"end":{"line":52,"column":18}},"loc":{"start":{"line":52,"column":25},"end":{"line":65,"column":3}}},"6":{"name":"(anonymous_21)","decl":{"start":{"line":53,"column":41},"end":{"line":53,"column":42}},"loc":{"start":{"line":53,"column":47},"end":{"line":55,"column":5}}},"7":{"name":"(anonymous_22)","decl":{"start":{"line":56,"column":43},"end":{"line":56,"column":44}},"loc":{"start":{"line":56,"column":57},"end":{"line":59,"column":5}}},"8":{"name":"(anonymous_23)","decl":{"start":{"line":60,"column":42},"end":{"line":60,"column":43}},"loc":{"start":{"line":60,"column":56},"end":{"line":64,"column":5}}}},"branchMap":{"0":{"loc":{"start":{"line":22,"column":26},"end":{"line":22,"column":55}},"type":"switch","locations":[{"start":{"line":22,"column":26},"end":{"line":22,"column":55}},{"start":{"line":22,"column":25},"end":{"line":22,"column":null}}]}},"s":{"0":1,"1":1,"2":1,"3":1,"4":6,"5":3,"6":3,"7":1,"8":1,"9":1,"10":1,"11":7,"12":1,"13":3,"14":1,"15":3,"16":3,"17":1,"18":0,"19":0,"20":0,"21":1},"f":{"0":3,"1":9,"2":1,"3":1,"4":7,"5":1,"6":3,"7":3,"8":0},"b":{"0":[3,3]}}
,"/Users/bakhromachilov/Desktop/star-wars-demo/src/redux/index.ts": {"path":"/Users/bakhromachilov/Desktop/star-wars-demo/src/redux/index.ts","statementMap":{"0":{"start":{"line":1,"column":0},"end":{"line":1,"column":22}},"1":{"start":{"line":2,"column":0},"end":{"line":2,"column":24}}},"fnMap":{},"branchMap":{},"s":{"0":1,"1":1},"f":{},"b":{}}
,"/Users/bakhromachilov/Desktop/star-wars-demo/src/redux/list.ts": {"path":"/Users/bakhromachilov/Desktop/star-wars-demo/src/redux/list.ts","statementMap":{"0":{"start":{"line":1,"column":0},"end":{"line":1,"column":79}},"1":{"start":{"line":2,"column":0},"end":{"line":2,"column":25}},"2":{"start":{"line":9,"column":28},"end":{"line":18,"column":null}},"3":{"start":{"line":35,"column":13},"end":{"line":49,"column":null}},"4":{"start":{"line":37,"column":28},"end":{"line":48,"column":null}},"5":{"start":{"line":38,"column":4},"end":{"line":40,"column":null}},"6":{"start":{"line":39,"column":6},"end":{"line":39,"column":null}},"7":{"start":{"line":41,"column":4},"end":{"line":41,"column":null}},"8":{"start":{"line":43,"column":6},"end":{"line":46,"column":null}},"9":{"start":{"line":42,"column":4},"end":{"line":47,"column":null}},"10":{"start":{"line":63,"column":13},"end":{"line":92,"column":null}},"11":{"start":{"line":68,"column":6},"end":{"line":68,"column":null}},"12":{"start":{"line":71,"column":6},"end":{"line":71,"column":null}},"13":{"start":{"line":74,"column":6},"end":{"line":74,"column":null}},"14":{"start":{"line":78,"column":4},"end":{"line":80,"column":null}},"15":{"start":{"line":79,"column":6},"end":{"line":79,"column":null}},"16":{"start":{"line":81,"column":4},"end":{"line":87,"column":null}},"17":{"start":{"line":82,"column":6},"end":{"line":82,"column":null}},"18":{"start":{"line":83,"column":6},"end":{"line":83,"column":null}},"19":{"start":{"line":84,"column":6},"end":{"line":84,"column":null}},"20":{"start":{"line":85,"column":6},"end":{"line":85,"column":null}},"21":{"start":{"line":86,"column":6},"end":{"line":86,"column":null}},"22":{"start":{"line":88,"column":4},"end":{"line":90,"column":null}},"23":{"start":{"line":89,"column":6},"end":{"line":89,"column":null}},"24":{"start":{"line":94,"column":24},"end":{"line":94,"column":null}}},"fnMap":{"0":{"name":"(anonymous_14)","decl":{"start":{"line":37,"column":2},"end":{"line":37,"column":9}},"loc":{"start":{"line":37,"column":28},"end":{"line":48,"column":null}}},"1":{"name":"(anonymous_15)","decl":{"start":{"line":37,"column":28},"end":{"line":37,"column":null}},"loc":{"start":{"line":37,"column":28},"end":{"line":48,"column":null}}},"2":{"name":"(anonymous_17)","decl":{"start":{"line":67,"column":13},"end":{"line":67,"column":14}},"loc":{"start":{"line":67,"column":52},"end":{"line":69,"column":5}}},"3":{"name":"(anonymous_18)","decl":{"start":{"line":70,"column":15},"end":{"line":70,"column":16}},"loc":{"start":{"line":70,"column":56},"end":{"line":72,"column":5}}},"4":{"name":"(anonymous_19)","decl":{"start":{"line":73,"column":25},"end":{"line":73,"column":26}},"loc":{"start":{"line":73,"column":70},"end":{"line":75,"column":5}}},"5":{"name":"(anonymous_20)","decl":{"start":{"line":77,"column":17},"end":{"line":77,"column":18}},"loc":{"start":{"line":77,"column":25},"end":{"line":91,"column":3}}},"6":{"name":"(anonymous_21)","decl":{"start":{"line":78,"column":42},"end":{"line":78,"column":43}},"loc":{"start":{"line":78,"column":48},"end":{"line":80,"column":5}}},"7":{"name":"(anonymous_22)","decl":{"start":{"line":81,"column":44},"end":{"line":81,"column":45}},"loc":{"start":{"line":81,"column":58},"end":{"line":87,"column":5}}},"8":{"name":"(anonymous_23)","decl":{"start":{"line":88,"column":43},"end":{"line":88,"column":44}},"loc":{"start":{"line":88,"column":57},"end":{"line":90,"column":5}}}},"branchMap":{"0":{"loc":{"start":{"line":42,"column":4},"end":{"line":47,"column":null}},"type":"switch","locations":[{"start":{"line":42,"column":4},"end":{"line":47,"column":null}}]},"1":{"loc":{"start":{"line":38,"column":4},"end":{"line":40,"column":null}},"type":"if","locations":[{"start":{"line":38,"column":4},"end":{"line":40,"column":null}}]}},"s":{"0":1,"1":1,"2":1,"3":1,"4":13,"5":13,"6":12,"7":13,"8":13,"9":13,"10":1,"11":12,"12":1,"13":2,"14":1,"15":13,"16":1,"17":13,"18":13,"19":13,"20":13,"21":13,"22":1,"23":0,"24":1},"f":{"0":13,"1":13,"2":12,"3":1,"4":2,"5":1,"6":13,"7":13,"8":0},"b":{"0":[13],"1":[12]}}
,"/Users/bakhromachilov/Desktop/star-wars-demo/src/route/index.tsx": {"path":"/Users/bakhromachilov/Desktop/star-wars-demo/src/route/index.tsx","statementMap":{"0":{"start":{"line":2,"column":0},"end":{"line":2,"column":73}},"1":{"start":{"line":3,"column":0},"end":{"line":3,"column":67}},"2":{"start":{"line":4,"column":0},"end":{"line":4,"column":57}},"3":{"start":{"line":5,"column":0},"end":{"line":5,"column":50}},"4":{"start":{"line":7,"column":29},"end":{"line":17,"column":1}},"5":{"start":{"line":8,"column":2},"end":{"line":16,"column":null}},"6":{"start":{"line":19,"column":0},"end":{"line":19,"column":null}}},"fnMap":{"0":{"name":"(anonymous_1)","decl":{"start":{"line":7,"column":29},"end":{"line":7,"column":null}},"loc":{"start":{"line":7,"column":29},"end":{"line":17,"column":1}}}},"branchMap":{},"s":{"0":1,"1":1,"2":1,"3":1,"4":1,"5":7,"6":1},"f":{"0":7},"b":{}}
}
