TN:
SF:src/app.tsx
FN:9,App
FNF:1
FNH:1
FNDA:7,App
DA:2,1
DA:3,1
DA:4,1
DA:5,1
DA:6,1
DA:7,1
DA:10,7
DA:20,1
LF:8
LH:8
BRF:0
BRH:0
end_of_record
TN:
SF:src/globalStyles.ts
FNF:0
FNH:0
DA:1,1
DA:3,1
DA:12,1
LF:3
LH:3
BRDA:3,0,0,1
BRDA:3,0,1,1
BRF:2
BRH:2
end_of_record
TN:
SF:src/__tests__/handlers/personList.ts
FN:278,(anonymous_2)
FN:283,(anonymous_3)
FN:289,(anonymous_4)
FNF:3
FNH:3
FNDA:13,(anonymous_2)
FNDA:10,(anonymous_3)
FNDA:3,(anonymous_4)
DA:1,1
DA:3,1
DA:247,1
DA:277,1
DA:279,13
DA:280,13
DA:282,13
DA:283,1
DA:284,10
DA:287,13
DA:290,3
DA:294,1
LF:12
LH:12
BRDA:282,0,0,1
BRF:1
BRH:1
end_of_record
TN:
SF:src/component/custom/DetailViewItem.tsx
FN:7,(anonymous_2)
FNF:1
FNH:1
FNDA:128,(anonymous_2)
DA:2,1
DA:7,128
DA:22,1
LF:3
LH:3
BRDA:12,0,0,96
BRDA:12,0,1,32
BRF:2
BRH:2
end_of_record
TN:
SF:src/component/forms/PersonDetailEditForm.tsx
FN:14,(anonymous_9)
FN:39,(anonymous_10)
FN:49,(anonymous_11)
FN:61,(anonymous_12)
FN:71,(anonymous_13)
FN:83,(anonymous_14)
FN:93,(anonymous_15)
FN:105,(anonymous_16)
FN:125,(anonymous_17)
FNF:9
FNH:9
FNDA:12,(anonymous_9)
FNDA:2,(anonymous_10)
FNDA:1,(anonymous_11)
FNDA:1,(anonymous_12)
FNDA:1,(anonymous_13)
FNDA:1,(anonymous_14)
FNDA:1,(anonymous_15)
FNDA:1,(anonymous_16)
FNDA:1,(anonymous_17)
DA:2,1
DA:3,1
DA:4,1
DA:5,1
DA:14,1
DA:15,12
DA:16,12
DA:17,12
DA:19,12
DA:33,12
DA:40,2
DA:50,1
DA:62,1
DA:72,1
DA:84,1
DA:94,1
DA:106,1
DA:125,1
DA:135,1
LF:19
LH:19
BRF:0
BRH:0
end_of_record
TN:
SF:src/component/forms/PersonListFilterDialogForm.tsx
FN:21,(anonymous_9)
FN:48,(anonymous_10)
FN:62,(anonymous_11)
FN:76,(anonymous_12)
FN:86,(anonymous_13)
FN:96,(anonymous_14)
FN:106,(anonymous_15)
FN:127,(anonymous_16)
FNF:8
FNH:3
FNDA:5,(anonymous_9)
FNDA:1,(anonymous_10)
FNDA:0,(anonymous_11)
FNDA:0,(anonymous_12)
FNDA:0,(anonymous_13)
FNDA:0,(anonymous_14)
FNDA:0,(anonymous_15)
FNDA:1,(anonymous_16)
DA:1,1
DA:9,1
DA:11,1
DA:13,1
DA:21,1
DA:22,5
DA:23,4
DA:24,4
DA:26,4
DA:40,4
DA:49,1
DA:63,0
DA:77,0
DA:87,0
DA:97,0
DA:107,0
DA:127,1
DA:137,1
DA:141,1
LF:19
LH:14
BRDA:27,0,0,4
BRDA:27,0,1,0
BRDA:52,1,0,2
BRDA:52,1,1,2
BRDA:66,2,0,0
BRDA:66,2,1,4
BRF:6
BRH:4
end_of_record
TN:
SF:src/component/table/Table.tsx
FN:38,Table
FN:54,(anonymous_3)
FN:67,(anonymous_4)
FN:70,(anonymous_5)
FN:75,(anonymous_6)
FN:113,(anonymous_7)
FN:123,(anonymous_8)
FN:124,(anonymous_9)
FNF:8
FNH:6
FNDA:37,Table
FNDA:148,(anonymous_3)
FNDA:212,(anonymous_4)
FNDA:4,(anonymous_5)
FNDA:848,(anonymous_6)
FNDA:1,(anonymous_7)
FNDA:0,(anonymous_8)
FNDA:0,(anonymous_9)
DA:2,1
DA:39,37
DA:40,37
DA:41,37
DA:42,37
DA:43,37
DA:44,37
DA:45,37
DA:46,37
DA:47,37
DA:49,37
DA:54,148
DA:67,212
DA:71,4
DA:75,848
DA:113,1
DA:122,1
DA:127,1
LF:18
LH:18
BRDA:66,0,0,37
BRDA:66,0,1,24
BRDA:71,1,0,0
BRDA:71,1,1,4
BRDA:71,2,0,4
BRDA:71,2,1,4
BRDA:81,3,0,848
BRDA:81,3,1,0
BRDA:82,4,0,848
BRDA:82,4,1,848
BRDA:82,4,2,848
BRDA:85,5,0,848
BRDA:85,5,1,848
BRDA:85,5,2,0
BRDA:92,6,0,37
BRDA:92,6,1,13
BRDA:104,7,0,37
BRDA:104,7,1,24
BRDA:104,7,2,1
BRDA:113,8,0,0
BRDA:113,8,1,1
BRDA:113,9,0,1
BRDA:113,9,1,1
BRF:23
BRH:19
end_of_record
TN:
SF:src/component/textField/TextField.tsx
FN:18,(anonymous_0)
FNF:1
FNH:1
FNDA:119,(anonymous_0)
DA:1,1
DA:18,1
DA:19,119
DA:20,118
DA:21,118
DA:22,118
DA:23,118
DA:24,118
DA:25,118
DA:26,118
DA:27,118
DA:29,118
DA:47,1
DA:58,1
LF:14
LH:14
BRDA:38,0,0,118
BRDA:38,0,1,109
BRF:2
BRH:2
end_of_record
TN:
SF:src/config/store.ts
FNF:0
FNH:0
DA:1,1
DA:2,1
DA:4,1
DA:13,1
LF:4
LH:4
BRF:0
BRH:0
end_of_record
TN:
SF:src/config/theme.ts
FNF:0
FNH:0
DA:1,1
DA:3,1
DA:5,1
LF:3
LH:3
BRF:0
BRH:0
end_of_record
TN:
SF:src/container/Page404.tsx
FN:5,(anonymous_2)
FNF:1
FNH:0
FNDA:0,(anonymous_2)
DA:1,1
DA:3,1
DA:5,1
DA:22,1
LF:4
LH:4
BRF:0
BRH:0
end_of_record
TN:
SF:src/container/detail/PersonDetailEdit.tsx
FN:8,(anonymous_3)
FN:17,(anonymous_4)
FNF:2
FNH:2
FNDA:11,(anonymous_3)
FNDA:1,(anonymous_4)
DA:1,1
DA:3,1
DA:4,1
DA:8,1
DA:9,11
DA:11,11
DA:12,2
DA:18,1
DA:25,9
DA:28,1
LF:10
LH:10
BRDA:11,0,0,2
BRDA:11,1,0,11
BRDA:11,1,1,10
BRF:3
BRH:3
end_of_record
TN:
SF:src/container/detail/PersonDetailError.tsx
FN:6,(anonymous_3)
FNF:1
FNH:1
FNDA:11,(anonymous_3)
DA:1,1
DA:3,1
DA:4,1
DA:6,1
DA:7,11
DA:8,11
DA:10,11
DA:11,10
DA:13,1
DA:22,1
LF:10
LH:10
BRDA:10,0,0,10
BRDA:10,1,0,11
BRDA:10,1,1,8
BRF:3
BRH:3
end_of_record
TN:
SF:src/container/detail/PersonDetailHeader.tsx
FN:7,(anonymous_3)
FNF:1
FNH:1
FNDA:8,(anonymous_3)
DA:1,1
DA:2,1
DA:5,1
DA:7,1
DA:8,8
DA:9,8
DA:10,8
DA:52,1
LF:8
LH:8
BRDA:21,0,0,8
BRDA:21,0,1,6
BRDA:29,1,0,2
BRDA:29,1,1,6
BRDA:31,2,0,2
BRDA:31,2,1,6
BRDA:33,3,0,8
BRDA:33,3,1,6
BRDA:41,4,0,8
BRDA:41,4,1,6
BRF:10
BRH:10
end_of_record
TN:
SF:src/container/detail/PersonDetailLoading.tsx
FN:5,(anonymous_3)
FNF:1
FNH:1
FNDA:10,(anonymous_3)
DA:1,1
DA:3,1
DA:5,1
DA:6,10
DA:7,10
DA:8,3
DA:21,7
DA:24,1
LF:8
LH:8
BRDA:7,0,0,3
BRF:1
BRH:1
end_of_record
TN:
SF:src/container/detail/PersonDetailMain.tsx
FN:11,(anonymous_3)
FNF:1
FNH:1
FNDA:4,(anonymous_3)
DA:2,1
DA:4,1
DA:5,1
DA:6,1
DA:7,1
DA:8,1
DA:9,1
DA:11,1
DA:12,4
DA:13,4
DA:31,1
LF:11
LH:11
BRF:0
BRH:0
end_of_record
TN:
SF:src/container/detail/PersonDetailView.tsx
FN:8,(anonymous_3)
FN:10,(anonymous_4)
FN:48,(anonymous_5)
FN:62,(anonymous_6)
FN:76,(anonymous_7)
FN:90,(anonymous_8)
FNF:6
FNH:5
FNDA:80,(anonymous_3)
FNDA:15,(anonymous_4)
FNDA:32,(anonymous_5)
FNDA:0,(anonymous_6)
FNDA:16,(anonymous_7)
FNDA:16,(anonymous_8)
DA:1,1
DA:2,1
DA:4,1
DA:5,1
DA:6,1
DA:8,80
DA:10,1
DA:11,15
DA:12,15
DA:13,7
DA:15,8
DA:48,32
DA:62,0
DA:76,16
DA:90,16
DA:122,1
LF:16
LH:15
BRDA:12,0,0,7
BRDA:12,1,0,15
BRDA:12,1,1,12
BRDA:12,1,2,10
BRDA:12,1,3,9
BRDA:18,2,0,0
BRDA:18,2,1,8
BRDA:18,3,0,8
BRDA:18,3,1,8
BRDA:19,4,0,0
BRDA:19,4,1,8
BRDA:19,5,0,8
BRDA:19,5,1,8
BRDA:20,6,0,0
BRDA:20,6,1,8
BRDA:20,7,0,8
BRDA:20,7,1,8
BRDA:23,8,0,0
BRDA:23,8,1,8
BRDA:23,9,0,8
BRDA:23,9,1,8
BRDA:27,10,0,0
BRDA:27,10,1,8
BRDA:27,11,0,8
BRDA:27,11,1,8
BRDA:31,12,0,0
BRDA:31,12,1,8
BRDA:31,13,0,8
BRDA:31,13,1,8
BRDA:35,14,0,0
BRDA:35,14,1,8
BRDA:35,15,0,8
BRDA:35,15,1,8
BRDA:37,16,0,0
BRDA:37,16,1,8
BRDA:37,17,0,8
BRDA:37,17,1,8
BRDA:40,18,0,0
BRDA:40,18,1,8
BRDA:40,19,0,8
BRDA:40,19,1,8
BRDA:48,20,0,0
BRDA:48,20,1,8
BRDA:48,21,0,8
BRDA:48,21,1,8
BRDA:48,22,0,0
BRDA:48,22,1,8
BRDA:48,23,0,8
BRDA:48,23,1,8
BRDA:62,24,0,0
BRDA:62,24,1,8
BRDA:62,25,0,8
BRDA:62,25,1,8
BRDA:62,26,0,0
BRDA:62,26,1,8
BRDA:62,27,0,8
BRDA:62,27,1,8
BRDA:76,28,0,0
BRDA:76,28,1,8
BRDA:76,29,0,8
BRDA:76,29,1,8
BRDA:76,30,0,0
BRDA:76,30,1,8
BRDA:76,31,0,8
BRDA:76,31,1,8
BRDA:90,32,0,0
BRDA:90,32,1,8
BRDA:90,33,0,8
BRDA:90,33,1,8
BRDA:90,34,0,0
BRDA:90,34,1,8
BRDA:90,35,0,8
BRDA:90,35,1,8
BRDA:100,36,0,0
BRDA:100,36,1,8
BRDA:100,37,0,8
BRDA:100,37,1,8
BRDA:104,38,0,8
BRDA:104,38,1,0
BRDA:104,39,0,0
BRDA:104,39,1,8
BRDA:104,40,0,8
BRDA:104,40,1,8
BRDA:112,41,0,8
BRDA:112,41,1,0
BRDA:112,42,0,0
BRDA:112,42,1,8
BRDA:112,43,0,8
BRDA:112,43,1,8
BRF:89
BRH:67
end_of_record
TN:
SF:src/container/list/PersonList.tsx
FN:8,(anonymous_3)
FN:34,(anonymous_4)
FN:38,(anonymous_5)
FN:42,(anonymous_6)
FN:51,(anonymous_7)
FN:55,(anonymous_8)
FNF:6
FNH:4
FNDA:37,(anonymous_3)
FNDA:4,(anonymous_4)
FNDA:1,(anonymous_5)
FNDA:212,(anonymous_6)
FNDA:0,(anonymous_7)
FNDA:0,(anonymous_8)
DA:1,1
DA:2,1
DA:5,1
DA:6,1
DA:8,1
DA:9,37
DA:10,37
DA:12,37
DA:34,4
DA:39,1
DA:42,212
DA:48,1
DA:58,1
LF:13
LH:13
BRDA:35,0,0,37
BRDA:35,0,1,0
BRF:2
BRH:1
end_of_record
TN:
SF:src/container/list/PersonListFilter.tsx
FN:7,(anonymous_1)
FNF:1
FNH:1
FNDA:13,(anonymous_1)
DA:2,1
DA:3,1
DA:7,1
DA:8,13
DA:9,12
DA:18,1
LF:6
LH:6
BRDA:9,0,0,1
BRDA:9,0,1,11
BRF:2
BRH:2
end_of_record
TN:
SF:src/container/list/PersonListHeader.tsx
FN:10,(anonymous_3)
FN:19,(anonymous_4)
FN:29,(anonymous_5)
FN:41,(anonymous_6)
FNF:4
FNH:3
FNDA:10,(anonymous_3)
FNDA:2,(anonymous_4)
FNDA:1,(anonymous_5)
FNDA:0,(anonymous_6)
DA:1,1
DA:2,1
DA:4,1
DA:5,1
DA:7,1
DA:8,1
DA:10,1
DA:11,10
DA:12,10
DA:13,10
DA:20,2
DA:21,1
DA:23,1
DA:30,1
DA:40,1
DA:44,1
LF:16
LH:16
BRDA:20,0,0,1
BRDA:20,0,1,1
BRF:2
BRH:2
end_of_record
TN:
SF:src/container/list/PersonListMain.tsx
FN:9,(anonymous_3)
FNF:1
FNH:1
FNDA:11,(anonymous_3)
DA:1,1
DA:5,1
DA:6,1
DA:7,1
DA:9,11
DA:19,1
LF:6
LH:6
BRF:0
BRH:0
end_of_record
TN:
SF:src/hooks/useFetchPersonList.ts
FN:8,(anonymous_0)
FN:12,(anonymous_1)
FNF:2
FNH:2
FNDA:47,(anonymous_0)
FNDA:13,(anonymous_1)
DA:1,1
DA:2,1
DA:6,1
DA:8,1
DA:9,47
DA:11,47
DA:13,13
DA:14,12
DA:16,13
DA:21,47
DA:26,1
LF:11
LH:11
BRDA:13,0,0,12
BRF:1
BRH:1
end_of_record
TN:
SF:src/hooks/usePersonDetail.ts
FN:8,(anonymous_0)
FN:11,(anonymous_1)
FN:19,(anonymous_2)
FNF:3
FNH:3
FNDA:4,(anonymous_0)
FNDA:4,(anonymous_1)
FNDA:4,(anonymous_2)
DA:1,1
DA:2,1
DA:3,1
DA:6,1
DA:8,1
DA:9,4
DA:10,4
DA:11,4
DA:12,4
DA:14,4
DA:15,3
DA:17,1
DA:19,4
DA:20,4
DA:25,1
LF:15
LH:15
BRDA:14,0,0,3
BRDA:14,0,1,1
BRF:2
BRH:2
end_of_record
TN:
SF:src/hooks/usePersonDetailEdit.ts
FN:7,(anonymous_0)
FN:10,(anonymous_1)
FN:13,(anonymous_2)
FN:16,(anonymous_3)
FN:21,(anonymous_4)
FNF:5
FNH:5
FNDA:11,(anonymous_0)
FNDA:23,(anonymous_1)
FNDA:23,(anonymous_2)
FNDA:1,(anonymous_3)
FNDA:1,(anonymous_4)
DA:1,1
DA:2,1
DA:5,1
DA:7,1
DA:8,11
DA:9,11
DA:10,23
DA:12,11
DA:13,23
DA:16,11
DA:17,1
DA:20,11
DA:22,1
DA:27,11
DA:30,1
LF:15
LH:15
BRF:0
BRH:0
end_of_record
TN:
SF:src/hooks/usePersonDetailError.ts
FN:4,(anonymous_0)
FN:6,(anonymous_1)
FNF:2
FNH:2
FNDA:11,(anonymous_0)
FNDA:23,(anonymous_1)
DA:1,1
DA:4,1
DA:5,11
DA:6,23
DA:9,11
DA:12,1
LF:6
LH:6
BRF:0
BRH:0
end_of_record
TN:
SF:src/hooks/usePersonDetailHeader.ts
FN:8,(anonymous_0)
FN:13,(anonymous_1)
FN:16,(anonymous_2)
FN:17,(anonymous_3)
FN:18,(anonymous_4)
FNF:5
FNH:5
FNDA:8,(anonymous_0)
FNDA:22,(anonymous_1)
FNDA:1,(anonymous_2)
FNDA:3,(anonymous_3)
FNDA:2,(anonymous_4)
DA:1,1
DA:2,1
DA:3,1
DA:6,1
DA:8,1
DA:9,8
DA:11,8
DA:12,8
DA:13,22
DA:16,8
DA:17,8
DA:18,8
DA:19,2
DA:22,8
DA:30,1
LF:15
LH:15
BRF:0
BRH:0
end_of_record
TN:
SF:src/hooks/usePersonDetailLoading.ts
FN:4,(anonymous_0)
FN:6,(anonymous_1)
FNF:2
FNH:2
FNDA:21,(anonymous_0)
FNDA:46,(anonymous_1)
DA:1,1
DA:4,1
DA:5,21
DA:6,46
DA:8,21
DA:11,1
LF:6
LH:6
BRF:0
BRH:0
end_of_record
TN:
SF:src/hooks/usePersonDetailView.ts
FN:5,(anonymous_0)
FN:7,(anonymous_1)
FN:10,(anonymous_2)
FN:13,(anonymous_3)
FN:16,(anonymous_4)
FNF:5
FNH:5
FNDA:15,(anonymous_0)
FNDA:26,(anonymous_1)
FNDA:26,(anonymous_2)
FNDA:26,(anonymous_3)
FNDA:26,(anonymous_4)
DA:1,1
DA:5,1
DA:6,15
DA:7,26
DA:9,15
DA:10,26
DA:12,15
DA:13,26
DA:15,15
DA:16,26
DA:18,15
DA:26,1
LF:12
LH:12
BRF:0
BRH:0
end_of_record
TN:
SF:src/hooks/usePersonListFilter.ts
FN:6,(anonymous_0)
FN:9,(anonymous_1)
FN:12,(anonymous_2)
FN:16,(anonymous_3)
FN:20,(anonymous_4)
FNF:5
FNH:4
FNDA:13,(anonymous_0)
FNDA:44,(anonymous_1)
FNDA:44,(anonymous_2)
FNDA:1,(anonymous_3)
FNDA:0,(anonymous_4)
DA:1,1
DA:4,1
DA:6,1
DA:7,13
DA:8,12
DA:9,44
DA:11,12
DA:12,44
DA:14,12
DA:17,1
DA:18,1
DA:21,0
DA:27,1
LF:13
LH:12
BRF:0
BRH:0
end_of_record
TN:
SF:src/hooks/usePersonListMain.ts
FN:10,(anonymous_1)
FN:27,(anonymous_2)
FN:30,(anonymous_3)
FN:32,(anonymous_4)
FN:35,(anonymous_5)
FN:38,(anonymous_6)
FN:41,(anonymous_7)
FN:44,(anonymous_8)
FN:47,(anonymous_9)
FN:51,(anonymous_10)
FN:57,(anonymous_11)
FN:62,(anonymous_12)
FN:62,(anonymous_13)
FNF:13
FNH:13
FNDA:221,(anonymous_1)
FNDA:37,(anonymous_2)
FNDA:68,(anonymous_3)
FNDA:68,(anonymous_4)
FNDA:68,(anonymous_5)
FNDA:68,(anonymous_6)
FNDA:68,(anonymous_7)
FNDA:68,(anonymous_8)
FNDA:68,(anonymous_9)
FNDA:4,(anonymous_10)
FNDA:10,(anonymous_11)
FNDA:24,(anonymous_12)
FNDA:221,(anonymous_13)
DA:1,1
DA:2,1
DA:3,1
DA:8,1
DA:10,1
DA:14,221
DA:22,9
DA:24,212
DA:27,1
DA:28,37
DA:29,37
DA:30,68
DA:31,37
DA:32,68
DA:34,37
DA:35,68
DA:37,37
DA:38,68
DA:40,37
DA:41,68
DA:43,37
DA:44,68
DA:46,37
DA:47,68
DA:50,37
DA:52,4
DA:57,37
DA:58,10
DA:61,37
DA:62,221
DA:66,37
DA:78,1
LF:32
LH:32
BRDA:14,0,0,9
BRDA:15,1,0,221
BRDA:15,1,1,10
BRDA:15,1,2,212
BRDA:15,1,3,0
BRDA:15,1,4,212
BRDA:15,1,5,0
BRDA:15,1,6,212
BRDA:15,1,7,0
BRDA:15,1,8,212
BRDA:15,1,9,0
BRDA:15,1,10,212
BRDA:15,1,11,0
BRDA:15,2,0,0
BRDA:15,2,1,221
BRDA:15,3,0,221
BRDA:15,3,1,221
BRDA:16,4,0,0
BRDA:16,4,1,212
BRDA:16,5,0,212
BRDA:16,5,1,212
BRDA:17,6,0,0
BRDA:17,6,1,212
BRDA:17,7,0,212
BRDA:17,7,1,212
BRDA:18,8,0,0
BRDA:18,8,1,212
BRDA:18,9,0,212
BRDA:18,9,1,212
BRDA:19,10,0,0
BRDA:19,10,1,212
BRDA:19,11,0,212
BRDA:19,11,1,212
BRDA:20,12,0,0
BRDA:20,12,1,212
BRDA:20,13,0,212
BRDA:20,13,1,212
BRDA:52,14,0,3
BRDA:52,14,1,1
BRF:39
BRH:28
end_of_record
TN:
SF:src/redux/detail.ts
FN:22,(anonymous_14)
FN:22,(anonymous_15)
FN:41,(anonymous_17)
FN:45,(anonymous_18)
FN:48,(anonymous_19)
FN:52,(anonymous_20)
FN:53,(anonymous_21)
FN:56,(anonymous_22)
FN:60,(anonymous_23)
FNF:9
FNH:8
FNDA:3,(anonymous_14)
FNDA:9,(anonymous_15)
FNDA:1,(anonymous_17)
FNDA:1,(anonymous_18)
FNDA:7,(anonymous_19)
FNDA:1,(anonymous_20)
FNDA:3,(anonymous_21)
FNDA:3,(anonymous_22)
FNDA:0,(anonymous_23)
DA:1,1
DA:2,1
DA:6,1
DA:20,1
DA:22,6
DA:37,1
DA:42,1
DA:43,1
DA:46,1
DA:49,7
DA:53,1
DA:54,3
DA:56,1
DA:57,3
DA:58,3
DA:60,1
DA:61,0
DA:62,0
DA:63,0
DA:68,1
LF:20
LH:17
BRDA:22,0,0,3
BRDA:22,0,1,3
BRF:2
BRH:2
end_of_record
TN:
SF:src/redux/index.ts
FNF:0
FNH:0
DA:1,1
DA:2,1
LF:2
LH:2
BRF:0
BRH:0
end_of_record
TN:
SF:src/redux/list.ts
FN:37,(anonymous_14)
FN:37,(anonymous_15)
FN:67,(anonymous_17)
FN:70,(anonymous_18)
FN:73,(anonymous_19)
FN:77,(anonymous_20)
FN:78,(anonymous_21)
FN:81,(anonymous_22)
FN:88,(anonymous_23)
FNF:9
FNH:8
FNDA:13,(anonymous_14)
FNDA:13,(anonymous_15)
FNDA:12,(anonymous_17)
FNDA:1,(anonymous_18)
FNDA:2,(anonymous_19)
FNDA:1,(anonymous_20)
FNDA:13,(anonymous_21)
FNDA:13,(anonymous_22)
FNDA:0,(anonymous_23)
DA:1,1
DA:2,1
DA:9,1
DA:35,1
DA:37,13
DA:38,13
DA:39,12
DA:41,13
DA:42,13
DA:43,13
DA:63,1
DA:68,12
DA:71,1
DA:74,2
DA:78,1
DA:79,13
DA:81,1
DA:82,13
DA:83,13
DA:84,13
DA:85,13
DA:86,13
DA:88,1
DA:89,0
DA:94,1
LF:25
LH:24
BRDA:42,0,0,13
BRDA:38,1,0,12
BRF:2
BRH:2
end_of_record
TN:
SF:src/route/index.tsx
FN:7,(anonymous_1)
FNF:1
FNH:1
FNDA:7,(anonymous_1)
DA:2,1
DA:3,1
DA:4,1
DA:5,1
DA:7,1
DA:8,7
DA:19,1
LF:7
LH:7
BRF:0
BRH:0
end_of_record
